encoded_msg: b'\x10\x94\xaf\xff\x83\xbf\x02M\xe8\xca\xdc_s\x15\x15o,\x82^\x93'
encode_bits: 0001000010010100101011111111111110000011101111110000001001001101111010001100101011011100010111110111001100010101000101010110111100101100100000100101111010010011
{
  ",": 0.33548852801322937,
  " sat": 0.14481237530708313,
  " with": 0.09293358027935028,
  " in": 0.07055572420358658,
  " of": 0.06830935180187225,
  "'": 0.04672374203801155,
  " did": 0.04000898078083992,
  " upon": 0.03569549694657326,
  " and": 0.01179180946201086,
  " _": 0.010800575837492943,
  " on": 0.010566189885139465,
  " (": 0.007482403423637152,
  " stood": 0.006838778965175152,
  " was": 0.006536383647471666,
  " decre": 0.0052566672675311565,
  " who": 0.004498174414038658,
  " commanded": 0.004182423464953899,
  " demanded": 0.003985955845564604,
  "\u2019": 0.003409345867112279,
  " lay": 0.0032259710133075714,
  " by": 0.0030003702268004417,
  " sits": 0.002405564533546567,
  " held": 0.002317989245057106,
  " be": 0.002296469872817397,
  "ly": 0.002252997364848852,
  " his": 0.0021698148921132088,
  " within": 0.0020928699523210526,
  " a": 0.001956705469638109,
  " had": 0.0015745002310723066,
  " ordered": 0.0015385448932647705,
  " (_": 0.001262709149159491,
  " d": 0.0012152774725109339,
  " whose": 0.0012002441799268126,
  " bes": 0.00107689225114882,
  " ruled": 0.001045707263983786,
  " at": 0.0010270474012941122,
  " called": 0.0010114011820405722,
  " s": 0.0008448938024230301,
  " from": 0.0008136759279295802,
  " [": 0.0008008219883777201
}
filter non-alpha: 40 -> 34
enc_int: 0 | token: ,
{
  " with": 0.3429044783115387,
  " a": 0.24728582799434662,
  " in": 0.10444788634777069,
  " who": 0.05478638410568237,
  " whose": 0.03940647095441818,
  " his": 0.03928343951702118,
  " once": 0.022880088537931442,
  " _": 0.016227878630161285,
  " (": 0.013081715442240238,
  " upon": 0.012065540999174118,
  " though": 0.005535962525755167,
  " by": 0.005528987385332584,
  " so": 0.004319894593209028,
  " on": 0.0038240584544837475,
  " an": 0.003157983534038067,
  " whom": 0.003042763564735651,
  " of": 0.003001995850354433,
  " proud": 0.0022429192904382944,
  " bes": 0.0021493700332939625,
  " to": 0.00209066248498857,
  " res": 0.0018518675351515412,
  " through": 0.0018381292466074228,
  " our": 0.0017876774072647095,
  " al": 0.0017701407196000218,
  " un": 0.0016271587228402495,
  " he": 0.0015368385938927531,
  " both": 0.0011083324206992984,
  " that": 0.0010699639096856117,
  " cl": 0.0010089835850521922,
  " all": 0.0009990095859393477,
  " (_": 0.0009894897229969501,
  " ob": 0.0009882289450615644,
  " ad": 0.0009434352396056056,
  " dis": 0.0008957746322266757,
  " bere": 0.0008633978432044387,
  " **": 0.000856880156788975,
  " when": 0.0008264232310466468,
  " full": 0.0007655377849005163,
  " en": 0.0007603645208291709,
  " s": 0.0007139483350329101
}
filter non-alpha: 40 -> 36
enc_int: 4 | token:  whose
{
  " heart": 0.10396743565797806,
  " _": 0.07140801846981049,
  " power": 0.0502920038998127,
  " might": 0.035593632608652115,
  " face": 0.031770020723342896,
  " (": 0.029207689687609673,
  " realm": 0.028493160381913185,
  " wisdom": 0.026722852140665054,
  " reign": 0.025748692452907562,
  " eyes": 0.025062602013349533,
  " rule": 0.02320614829659462,
  " brow": 0.018224339932203293,
  " pride": 0.018013840541243553,
  " s": 0.01439760997891426,
  " word": 0.01419786736369133,
  " vis": 0.012866595759987831,
  " throne": 0.011211766861379147,
  " subjects": 0.011062647216022015,
  " land": 0.010697854682803154,
  " gaze": 0.010252824984490871,
  " mind": 0.009648958221077919,
  " words": 0.009641949087381363,
  " crown": 0.008903009817004204,
  " voice": 0.007846754044294357,
  " royal": 0.007721559144556522,
  " **": 0.007510933559387922,
  " strength": 0.00743200583383441,
  " f": 0.007048443425446749,
  " noble": 0.006910716649144888,
  " will": 0.006799373310059309,
  " golden": 0.006679470185190439,
  " count": 0.00559804355725646,
  " court": 0.005537306424230337,
  " name": 0.0054999105632305145,
  " wr": 0.005404969211667776,
  " hand": 0.005319234449416399,
  " [": 0.005034716799855232,
  " reg": 0.004956712480634451,
  " h": 0.0047285668551921844,
  " proud": 0.004554790444672108
}
filter non-alpha: 40 -> 36
enc_int: 1 | token:  power
{
  " was": 0.13112205266952515,
  " and": 0.08064332604408264,
  ",": 0.04858808591961861,
  " did": 0.04294091835618019,
  " lay": 0.0380098894238472,
  " in": 0.03792266547679901,
  " vast": 0.03135634958744049,
  " lies": 0.030755260959267616,
  " none": 0.02317379042506218,
  " once": 0.019376615062355995,
  " great": 0.017552638426423073,
  " _": 0.016707954928278923,
  " to": 0.015842415392398834,
  " all": 0.014656283892691135,
  " through": 0.014506325125694275,
  " reached": 0.01419154554605484,
  " (": 0.014001579023897648,
  " seemed": 0.012553242966532707,
  " held": 0.012414866127073765,
  " ruled": 0.011094851419329643,
  " knew": 0.009226701222360134,
  " d": 0.008868705481290817,
  " by": 0.008712676353752613,
  " is": 0.008459472097456455,
  " w": 0.008260057307779789,
  " (_": 0.008020850829780102,
  " could": 0.007636019494384527,
  " e": 0.006135798525065184,
  " we": 0.0059059360064566135,
  " over": 0.005572274327278137,
  " stretched": 0.005070793908089399,
  " re": 0.004919353872537613,
  " strong": 0.0048933085054159164,
  " long": 0.0048647597432136536,
  " grew": 0.004513984080404043,
  " from": 0.0044699013233184814,
  " of": 0.004231075290590525,
  " on": 0.003958266694098711,
  " far": 0.0036445932928472757,
  " bound": 0.0035422099754214287
}
filter non-alpha: 40 -> 37
enc_int: 1 | token:  and
{
  " wealth": 0.25076615810394287,
  " might": 0.12274956703186035,
  " pride": 0.08737290650606155,
  " maj": 0.07014018297195435,
  " _": 0.04685640707612038,
  " prest": 0.033165767788887024,
  " wisdom": 0.031794194132089615,
  " fame": 0.030408097431063652,
  " grace": 0.021350743249058723,
  " glory": 0.018380023539066315,
  " strength": 0.015233388170599937,
  " great": 0.014512669295072556,
  " pom": 0.01276126317679882,
  " spl": 0.01064919400960207,
  " reg": 0.01058840099722147,
  " ric": 0.009297697804868221,
  " rule": 0.00847995188087225,
  " whose": 0.008329673670232296,
  " pr": 0.0076212030835449696,
  " authority": 0.007434582803398371,
  " will": 0.00665917806327343,
  " stat": 0.005646797362715006,
  " grand": 0.005369134712964296,
  " prosper": 0.005358868278563023,
  " honor": 0.0049329050816595554,
  " reign": 0.0047811223194003105,
  " presence": 0.004749659448862076,
  " renown": 0.004574979189783335,
  " domin": 0.004250641912221909,
  " prow": 0.0039740377105772495,
  " land": 0.0037722617853432894,
  " courage": 0.0036319929640740156,
  " op": 0.003495205659419298,
  " nob": 0.0034918475430458784,
  " **": 0.0034721491392701864,
  " lands": 0.003243035404011607,
  " reach": 0.00319522712379694,
  " dignity": 0.002723133657127619,
  " justice": 0.0023216549307107925,
  " (": 0.0021847006864845753
}
filter non-alpha: 40 -> 37
enc_int: 2 | token:  pride
{
  " did": 0.3592645525932312,
  " were": 0.1672077625989914,
  ",": 0.06225049868226051,
  " once": 0.03418007865548134,
  " both": 0.03282949700951576,
  " (": 0.03241195157170296,
  " we": 0.03034275211393833,
  " exceed": 0.016167456284165382,
  " knew": 0.012172557413578033,
  " was": 0.011570370756089687,
  " so": 0.01139026042073965,
  " had": 0.009702375158667564,
  "\n": 0.00949514377862215,
  " could": 0.008998348377645016,
  " lay": 0.008346536196768284,
  " in": 0.006797901354730129,
  " d": 0.006192163564264774,
  " are": 0.006047960836440325,
  " I": 0.0057248761877417564,
  " _": 0.005706665106117725,
  " sur": 0.004614136181771755,
  " seemed": 0.003987109754234552,
  " would": 0.00390926469117403,
  " made": 0.003558224765583873,
  " no": 0.0032594671938568354,
  " do": 0.0030508427880704403,
  " out": 0.0027725566178560257,
  " stood": 0.002630580449476838,
  " (_": 0.002478232141584158,
  " reached": 0.002372803632169962,
  " sub": 0.0022381297312676907,
  " grew": 0.0021710849832743406,
  " gave": 0.0021469229832291603,
  " e": 0.0020202971063554287,
  " extended": 0.0020087086595594883,
  " great": 0.001990554155781865,
  " extend": 0.0018687777919694781,
  " of": 0.0018556942231953144,
  " held": 0.0018507844069972634,
  " a": 0.0017361175268888474
}
filter non-alpha: 40 -> 36
enc_int: 2 | token: ,
{
  " did": 0.1626865118741989,
  "\n": 0.1001356691122055,
  " (": 0.07148346304893494,
  " so": 0.06864316761493683,
  " in": 0.06447585672140121,
  " once": 0.05865434184670448,
  " both": 0.04667064547538757,
  " were": 0.033748332411050797,
  " like": 0.03208697587251663,
  " _": 0.02572859637439251,
  " no": 0.022964244708418846,
  " with": 0.016113873571157455,
  " through": 0.011219896376132965,
  " though": 0.009766915813088417,
  " we": 0.009279631078243256,
  " a": 0.008966052904725075,
  " I": 0.007548043038696051,
  " as": 0.00724553968757391,
  " exceed": 0.007159139961004257,
  " ex": 0.006413998082280159,
  " lay": 0.005722207482904196,
  " was": 0.005457185674458742,
  " that": 0.0053322697058320045,
  " un": 0.00498766265809536,
  " (_": 0.004599615465849638,
  " and": 0.0045710476115345955,
  " sur": 0.0045124622993171215,
  " extend": 0.00385053688660264,
  " by": 0.0038232251536101103,
  " great": 0.003457483137026429,
  " extended": 0.003306953003630042,
  " to": 0.0031999126076698303,
  " held": 0.0031622133683413267,
  " long": 0.003136967308819294,
  " now": 0.0031187774147838354,
  " reached": 0.002875811420381069,
  " his": 0.002866892609745264,
  " none": 0.00261146342381835,
  " on": 0.0026112617924809456,
  " not": 0.0025426431093364954
}
filter non-alpha: 40 -> 36
enc_int: 5 | token:  were
{
  " vast": 0.2043071687221527,
  " bound": 0.07162061333656311,
  " great": 0.05679110437631607,
  " once": 0.054959796369075775,
  " both": 0.04099069908261299,
  " such": 0.036264147609472275,
  " all": 0.031124182045459747,
  " known": 0.02929741144180298,
  " so": 0.021748041734099388,
  " un": 0.019364962354302406,
  " never": 0.0151578513905406,
  " endless": 0.014078568667173386,
  " matched": 0.012620838358998299,
  " ever": 0.010471178218722343,
  " might": 0.010303785093128681,
  " immense": 0.009890878573060036,
  " greatly": 0.009864314459264278,
  " second": 0.0096995634958148,
  " deep": 0.009585398249328136,
  " not": 0.009355953894555569,
  " long": 0.008226819336414337,
  " in": 0.008022965863347054,
  " like": 0.007353621535003185,
  " _": 0.007057147100567818,
  " far": 0.00682932510972023,
  " shown": 0.006788980215787888,
  " as": 0.006676998920738697,
  " strong": 0.005530687514692545,
  " his": 0.005444630980491638,
  " grand": 0.005259266588836908,
  " held": 0.005165320821106434,
  " more": 0.005079059861600399,
  " well": 0.005033962428569794,
  " manifest": 0.005015001632273197,
  " grown": 0.004892171826213598,
  " infinite": 0.004855318460613489,
  " set": 0.004632376600056887,
  " deeply": 0.004512875806540251,
  " the": 0.004216660279780626,
  " greater": 0.003935355227440596
}
filter non-alpha: 40 -> 39
enc_int: 7 | token:  known
{
  " to": 0.23291629552841187,
  ",": 0.22023995220661163,
  " af": 0.15214486420154572,
  " far": 0.09096255153417587,
  " (": 0.05363152548670769,
  " so": 0.04616392031311989,
  " throughout": 0.04525315389037132,
  "\n": 0.01598382368683815,
  " in": 0.013673461973667145,
  " through": 0.008185099810361862,
  " full": 0.007912778295576572,
  " no": 0.0075248065404593945,
  " quite": 0.005892290733754635,
  " from": 0.00540704932063818,
  " the": 0.00485642533749342,
  " wide": 0.0046681612730026245,
  " by": 0.004139691591262817,
  " as": 0.004118097946047783,
  " and": 0.0037677441723644733,
  " _": 0.0026602386496961117,
  " all": 0.0023815566673874855,
  " across": 0.002367907203733921,
  "  ": 0.0021427501924335957,
  " Throughout": 0.0021240911446511745,
  " To": 0.0020131596829742193,
  " unt": 0.0017455940833315253,
  " without": 0.0016145076369866729,
  " abroad": 0.0014572810614481568,
  " for": 0.0014037569053471088,
  " The": 0.001380968140438199,
  " vast": 0.0013797004939988256,
  " around": 0.00129767379257828,
  " In": 0.001220837002620101,
  " beyond": 0.0011614487739279866,
  " on": 0.0011074179783463478,
  " within": 0.001092833816073835,
  " ": 0.0009620743803679943,
  " both": 0.0009349721949547529,
  "/": 0.0009035883122123778,
  " not": 0.000889271148480475
}
filter non-alpha: 40 -> 34
enc_int: 7 | token:  through
{
  " land": 0.45547372102737427,
  " all": 0.15278910100460052,
  "-": 0.0849691778421402,
  " lands": 0.08239689469337463,
  " out": 0.029088707640767097,
  " real": 0.02377339079976082,
  " (": 0.016616839915513992,
  " wide": 0.015790438279509544,
  " realm": 0.010890182107686996,
  " the": 0.008416411466896534,
  ",": 0.007294683717191219,
  " time": 0.005766025744378567,
  " far": 0.005377639085054398,
  " _": 0.00529843382537365,
  " and": 0.0041487738490104675,
  "'": 0.0038028215058147907,
  "out": 0.003473184071481228,
  " vast": 0.0034240689128637314,
  "(": 0.0031498095486313105,
  "\n": 0.002192836022004485,
  " h": 0.0021503837779164314,
  " his": 0.0017712326953187585,
  " Europe": 0.0014610056532546878,
  " nation": 0.0013518305495381355,
  " town": 0.001351255807094276,
  "land": 0.0011889111483469605,
  " [": 0.0011582664446905255,
  " space": 0.0010996501659974456,
  "all": 0.001071891630999744,
  " hall": 0.0010569546138867736,
  " earth": 0.001047788537107408,
  " **": 0.000973092915955931,
  " sea": 0.0009674531756900251,
  "--": 0.0009492929675616324,
  " age": 0.0008325297967530787,
  " every": 0.0007785953930579126,
  " might": 0.0007763502071611583,
  " near": 0.0007694687228649855,
  " fame": 0.0007542793173342943,
  " Real": 0.0006284354021772742
}
filter non-alpha: 40 -> 31
enc_int: 7 | token:  the
{
  " land": 0.9157764911651611,
  " lands": 0.013099074363708496,
  " realm": 0.012362655252218246,
  " wide": 0.009435350075364113,
  " (": 0.007853049784898758,
  ",": 0.0063327341340482235,
  "e": 0.0029352905694395304,
  " world": 0.0017743839416652918,
  " real": 0.0014400581130757928,
  " vast": 0.0013298193225637078,
  " _": 0.0012306750286370516,
  " [": 0.0011882130056619644,
  "\n": 0.000825216353405267,
  " nation": 0.0006034200196154416,
  " domain": 0.0005570290377363563,
  " broad": 0.0005319475312717259,
  " is": 0.0005083123105578125,
  " **": 0.0004673169751185924,
  " ,": 0.0004667691246140748,
  " Land": 0.00042204034980386496,
  " length": 0.00039551101508550346,
  " age": 0.00037214328767731786,
  " kingdom": 0.0003434185346122831,
  " earth": 0.00032603112049400806,
  " far": 0.00032553868368268013,
  "(": 0.0002935504599008709,
  " l": 0.00026453641476109624,
  " known": 0.00026301725301891565,
  " \\": 0.0002466239675413817,
  " {": 0.00023071053146850318,
  " h": 0.00022773233649786562,
  " and": 0.00021739989460911602,
  ":": 0.0002101232239510864,
  " |": 0.00020169155322946608,
  " great": 0.00019736596732400358,
  "-": 0.0001959838264156133,
  " gl": 0.00018285689293406904,
  " Is": 0.00017687620129436255,
  " ages": 0.000176339439349249,
  " ": 0.00017232126265298575
}
filter non-alpha: 40 -> 28
enc_int: 7 | token:  real
{
  "ms": 0.9992569088935852,
  ",": 0.00040078634629026055,
  "me": 6.842031143605709e-05,
  " (": 5.093072832096368e-05,
  "mes": 4.144079866819084e-05,
  "\n": 2.398640390310902e-05,
  ",(": 1.5912135495455004e-05,
  "-": 1.0082654625875875e-05,
  ",-": 9.335929462395143e-06,
  "(": 9.072662578546442e-06,
  "ml": 7.037444447632879e-06,
  "md": 6.6190605139127e-06,
  ";": 4.568456461129244e-06,
  "MS": 3.8702569327142555e-06,
  " ,": 3.3731139410519972e-06,
  "  ": 3.1341041903942823e-06,
  "mt": 2.9798102332279086e-06,
  "-,": 2.2585541046282742e-06,
  " of": 2.213271272921702e-06,
  " (_": 2.134859187208349e-06,
  " m": 1.8823220671038143e-06,
  " _": 1.579304012011562e-06,
  "mg": 1.572459950693883e-06,
  " ": 1.552274056848546e-06,
  ",\r": 1.5336554497480392e-06,
  "mb": 1.4129140026852838e-06,
  "mm": 1.2916902960569132e-06,
  ".": 1.2647344647120917e-06,
  ":": 1.2005823464278365e-06,
  ",_": 1.1949269946853747e-06,
  " *": 1.1850527243950637e-06,
  "M": 1.1505987913551508e-06,
  "--": 1.1098956065325183e-06,
  "im": 1.0130030432264903e-06,
  ",,": 9.709260666568298e-07,
  "n": 9.53974449657835e-07,
  "mp": 9.278177799387777e-07,
  " ms": 9.245911201105628e-07,
  "*,": 8.964427706814604e-07,
  "_,": 8.542063483218953e-07
}
filter non-alpha: 40 -> 20
enc_int: 0 | token: ms
{
  ",": 0.7451344132423401,
  " (": 0.09705968201160431,
  " of": 0.05026101693511009,
  " far": 0.014246383681893349,
  "\n": 0.01287313736975193,
  " wide": 0.006863827351480722,
  " vast": 0.006255811080336571,
  "'": 0.004903700202703476,
  " so": 0.004043063148856163,
  " (_": 0.0038556628860533237,
  ".": 0.0035390800330787897,
  ";": 0.0029756089206784964,
  ",(": 0.0023449338041245937,
  " he": 0.002308871829882264,
  "-": 0.0020804740488529205,
  " Of": 0.001861239899881184,
  "  ": 0.0015566538786515594,
  " high": 0.0012679934734478593,
  " ": 0.0012177289463579655,
  "(": 0.0011984793236479163,
  " and": 0.0011013870825991035,
  ":": 0.0009233166347257793,
  " _": 0.0008693719864822924,
  " all": 0.0007916174363344908,
  " around": 0.0007504259701818228,
  ",\r": 0.000650805130135268,
  " that": 0.0006376951350830495,
  " [": 0.0006173754809424281,
  " entire": 0.0005592587403953075,
  "',": 0.0005559113924391568,
  " to": 0.0005520246922969818,
  " long": 0.0005336372414603829,
  " land": 0.00050815922440961,
  " whole": 0.0004890403943136334,
  "\u2019": 0.00044020707719027996,
  ",'": 0.00043142682989127934,
  " above": 0.0004151516768615693,
  " af": 0.00039170775562524796,
  " beyond": 0.000383798178518191,
  " (*": 0.00037236884236335754
}
filter non-alpha: 40 -> 22
enc_int: 1 | token:  of
{
  " the": 0.30083876848220825,
  " men": 0.13354068994522095,
  " time": 0.12124568969011307,
  " old": 0.11555727571249008,
  " land": 0.07150699198246002,
  " man": 0.0381808802485466,
  " earth": 0.03724939376115799,
  " (": 0.02057063765823841,
  " this": 0.012028282508254051,
  " all": 0.00909015815705061,
  " might": 0.007930626161396503,
  " his": 0.007376382127404213,
  " space": 0.00624696072191,
  " Europe": 0.006141764111816883,
  " lands": 0.004895777441561222,
  " y": 0.004632875323295593,
  " wide": 0.004570470191538334,
  " light": 0.003969796933233738,
  " Earth": 0.003254126524552703,
  ",": 0.0029671203810721636,
  " _": 0.002569061005488038,
  " night": 0.0021885752212256193,
  " our": 0.0021772293839603662,
  " thought": 0.001999074826017022,
  " Spain": 0.0017861982341855764,
  " ancient": 0.001564361504279077,
  " a": 0.0012057103449478745,
  " gold": 0.0011764357332140207,
  " **": 0.0010977436322718859,
  " Old": 0.0010770123917609453,
  " war": 0.0010007258970290422,
  " Time": 0.0009239746141247451,
  "-": 0.0009155151783488691,
  " great": 0.000898649450391531,
  " fame": 0.0008533685468137264,
  " vast": 0.0008419658988714218,
  "\n": 0.0008078838000074029,
  " England": 0.0007943713571876287,
  " Britain": 0.0007901466451585293,
  " Men": 0.0007727238116785884
}
filter non-alpha: 40 -> 35
enc_int: 6 | token:  earth
{
  ",": 0.8149855732917786,
  " and": 0.06855327636003494,
  " (": 0.062466345727443695,
  "\n": 0.012736132368445396,
  ";": 0.00535328034311533,
  " (_": 0.003336383029818535,
  ".": 0.0030267180409282446,
  ":": 0.0022060053888708353,
  ",(": 0.0019904940854758024,
  " And": 0.0017782776849344373,
  "'": 0.0017461993265897036,
  "  ": 0.0017036384670063853,
  "-": 0.0015957200666889548,
  " so": 0.0011282721534371376,
  "ly": 0.00093420798657462,
  " ((": 0.0008497433736920357,
  " _": 0.000845010974444449,
  " ": 0.0006563771748915315,
  "...": 0.0006376300007104874,
  " did": 0.0005795371253043413,
  " to": 0.0005655342247337103,
  "(": 0.0005354865570552647,
  "\u2014": 0.00044165487634018064,
  " [": 0.00042552108061499894,
  "--": 0.0004101326921954751,
  "---": 0.0003387092729099095,
  " _(": 0.0003240376536268741,
  " (*": 0.0003235516487620771,
  ",,": 0.00028264359571039677,
  ",\r": 0.0002264590875711292,
  " \\": 0.00021676452888641506,
  " below": 0.0002155848778784275,
  "\u2019": 0.00020151332137174904,
  " -": 0.00018280684889759868,
  " (**": 0.0001713648234726861,
  ",*": 0.0001702470617601648,
  " unt": 0.0001693084486760199,
  " (\\": 0.0001653525250731036,
  ",_": 0.00015951707609929144,
  ",'": 0.00015701644588261843
}
filter non-alpha: 40 -> 10
enc_int: 7 | token:  to
{
  " ro": 0.138253316283226,
  " extend": 0.11431952565908432,
  " dwell": 0.0771794468164444,
  " be": 0.07288230955600739,
  " reign": 0.0655532032251358,
  " all": 0.058829255402088165,
  " sway": 0.04619467630982399,
  " shine": 0.0438474602997303,
  " stretch": 0.03708351403474808,
  " hold": 0.02630741149187088,
  " reach": 0.022380124777555466,
  " spread": 0.022071218118071556,
  " glow": 0.01514950580894947,
  " the": 0.010933342389762402,
  " bend": 0.009769984520971775,
  " ring": 0.008894738741219044,
  " span": 0.007660903036594391,
  " gl": 0.006974386982619762,
  " grow": 0.006588459946215153,
  " lie": 0.006362715270370245,
  " blo": 0.004841523244976997,
  " th": 0.0048262276686728,
  " gle": 0.004465932492166758,
  " flow": 0.00445543322712183,
  " me": 0.004134225193411112,
  " res": 0.004018076229840517,
  " sp": 0.0038247990887612104,
  " spraw": 0.003808272536844015,
  " w": 0.0037905056960880756,
  " man": 0.003572452813386917,
  " stand": 0.0033939785789698362,
  " stir": 0.0033207701053470373,
  " command": 0.0032070463057607412,
  " range": 0.0031158877536654472,
  " men": 0.003035465255379677,
  " none": 0.002948331879451871,
  " fly": 0.002846719231456518,
  " lay": 0.002724658465012908,
  " rule": 0.002529825083911419,
  " thr": 0.0025219921953976154
}
filter non-alpha: 40 -> 40
enc_int: 7 | token:  shine
{
  ",": 0.8544617891311646,
  " (": 0.04929341748356819,
  "\n": 0.017202062532305717,
  ";": 0.012808636762201786,
  " so": 0.007690362632274628,
  " and": 0.007066892459988594,
  ".": 0.0061041382141411304,
  " bright": 0.005183203611522913,
  " like": 0.004100916441529989,
  "  ": 0.003195143537595868,
  " in": 0.0028212263714522123,
  " with": 0.0025539726484566927,
  " above": 0.0025505165103822947,
  ":": 0.002217178465798497,
  " as": 0.001248528016731143,
  " (_": 0.0012484112521633506,
  " Like": 0.0008876748033799231,
  " _": 0.0007924630190245807,
  " ": 0.0007700537680648267,
  " With": 0.0007694701198488474,
  "-": 0.0007069167331792414,
  " And": 0.0006323358975350857,
  "...": 0.0006253732135519385,
  ",(": 0.0006203124648891389,
  " forth": 0.0005269611719995737,
  " In": 0.00040885646012611687,
  "/": 0.00040770648047327995,
  "   ": 0.00037847188650630414,
  " [": 0.00037549310945905745,
  "....": 0.0003229455614928156,
  " sup": 0.00032067540450952947,
  " most": 0.0003154519072268158,
  "\u2014": 0.0002935515658464283,
  "---": 0.00025913913850672543,
  "--": 0.00025537400506436825,
  " un": 0.0002522373397368938,
  " upon": 0.00024495969410054386,
  " As": 0.00022479021572507918,
  "(": 0.00020734038844238967,
  " The": 0.00020531464542727917
}
filter non-alpha: 40 -> 21
enc_int: 0 | token: ,
{
  "\n": 0.30688273906707764,
  " (": 0.19463543593883514,
  " In": 0.06514870375394821,
  " With": 0.03964642062783241,
  " _": 0.03193164989352226,
  " Did": 0.022777339443564415,
  " A": 0.020519252866506577,
  "In": 0.015203659422695637,
  " S": 0.014900396578013897,
  " His": 0.01398044265806675,
  "With": 0.011150933802127838,
  " And": 0.01031789556145668,
  " Was": 0.010039971210062504,
  " Yet": 0.009301621466875076,
  " did": 0.007468776311725378,
  " Now": 0.007101408671587706,
  " He": 0.005599763244390488,
  " **": 0.005024140700697899,
  " Upon": 0.004595162812620401,
  " in": 0.004390972200781107,
  " Dec": 0.0037757493555545807,
  "Did": 0.0035681251902133226,
  "A": 0.0034167394042015076,
  " with": 0.0033896281383931637,
  " D": 0.0032530452590435743,
  "  ": 0.003202839056029916,
  " (_": 0.0031150944996625185,
  " Like": 0.003078996203839779,
  " By": 0.0029720368329435587,
  " As": 0.002807473763823509,
  " [": 0.0027264973614364862,
  " But": 0.0027162733022123575,
  "Now": 0.0024723634123802185,
  " ": 0.002266653347760439,
  " G": 0.002140153432264924,
  " Sto": 0.002092143287882209,
  "His": 0.002035690238699317,
  " Though": 0.0017892559990286827,
  "And": 0.0017849663272500038,
  " B": 0.0017234262777492404
}
filter non-alpha: 40 -> 32
enc_int: 0 | token:  In
{
  " spl": 0.2604845464229584,
  " golden": 0.06125492602586746,
  " his": 0.03369774669408798,
  " council": 0.027490239590406418,
  " h": 0.023313025012612343,
  " maj": 0.019004669040441513,
  " grand": 0.017577042803168297,
  " the": 0.016679489985108376,
  " battle": 0.016549592837691307,
  " moments": 0.014217921532690525,
  " gl": 0.013401105999946594,
  " beauty": 0.013306688517332077,
  " royal": 0.0128555316478014,
  " every": 0.01173447910696268,
  " a": 0.011672679334878922,
  " glory": 0.011005908250808716,
  " reg": 0.010652082972228527,
  " quiet": 0.010550466366112232,
  " autumn": 0.010382005013525486,
  " times": 0.009824573993682861,
  " battles": 0.008389053866267204,
  " ancient": 0.007658941205590963,
  " pom": 0.007557406555861235,
  " _": 0.0072935293428599834,
  " days": 0.00710136815905571,
  " castle": 0.006760855205357075,
  " court": 0.006592579185962677,
  " vis": 0.005803385283797979,
  " so": 0.005599645897746086,
  " palace": 0.00555495684966445,
  " Aut": 0.005292242392897606,
  " g": 0.005248839966952801,
  " rad": 0.005119779147207737,
  " dark": 0.005118451546877623,
  " war": 0.004805048927664757,
  " (": 0.0045356485061347485,
  " all": 0.0045011588372290134,
  " state": 0.004377592820674181,
  " this": 0.004178255796432495,
  " gentle": 0.0036663112696260214
}
filter non-alpha: 40 -> 38
enc_int: 4 | token:  h
{
  "alls": 0.9506937265396118,
  "allowed": 0.030606402084231377,
  "aught": 0.007494401652365923,
  "aw": 0.0018234769813716412,
  "arness": 0.001701347529888153,
  "allow": 0.001244548475369811,
  "awk": 0.0008506085141561925,
  "ale": 0.0004259132838342339,
  "alle": 0.00031332255457527936,
  "ym": 0.0002737386676017195,
  "arn": 0.0002176683337893337,
  "ap": 0.00021454828674905002,
  "ail": 0.0002061813574982807,
  "ov": 0.0001724320463836193,
  "of": 0.00016782035527285188,
  "aute": 0.00012536888243630528,
  "aly": 0.00012245280959177762,
  "aze": 0.00012215992319397628,
  "ues": 0.00010068312985822558,
  "alo": 9.513162513030693e-05,
  "arl": 9.07495996216312e-05,
  "ight": 8.761410572333261e-05,
  "aps": 7.699285197304562e-05,
  "asty": 7.62082781875506e-05,
  "ord": 7.592586916871369e-05,
  "ars": 7.514113531215116e-05,
  "ue": 6.382146966643631e-05,
  "ounds": 5.160367436474189e-05,
  "arr": 4.6505421778419986e-05,
  "oll": 4.6167544496711344e-05,
  "ush": 4.411329064168967e-05,
  "ails": 4.156104114372283e-05,
  "are": 3.8461581425508484e-05,
  "ou": 3.6175169952912256e-05,
  "azy": 3.5906767152482644e-05,
  "**": 3.482357715256512e-05,
  "ala": 3.4044998756144196e-05,
  "ither": 3.3672982681309804e-05,
  "au": 3.1678271625423804e-05,
  "ales": 3.133606514893472e-05
}
filter non-alpha: 40 -> 39
enc_int: 4 | token: arness
{
  " with": 0.14163638651371002,
  " to": 0.12436147779226303,
  " rode": 0.0870644748210907,
  ",": 0.06435025483369827,
  " strong": 0.05272107571363449,
  " now": 0.03639206290245056,
  " proud": 0.03565225750207901,
  " bold": 0.026139499619603157,
  " of": 0.02398935705423355,
  " fierce": 0.023564206436276436,
  "ing": 0.015966737642884254,
  " lay": 0.014707173220813274,
  " laid": 0.014369331300258636,
  " stood": 0.013009009882807732,
  " brave": 0.009569026529788971,
  " tr": 0.009197406470775604,
  " gle": 0.008455515839159489,
  " sought": 0.005972698796540499,
  " and": 0.0058164638467133045,
  " still": 0.005757187493145466,
  " held": 0.005598342977464199,
  " deep": 0.005493465811014175,
  " r": 0.005016898736357689,
  " bright": 0.004966414999216795,
  " stern": 0.004828793928027153,
  " once": 0.0047804792411625385,
  " gall": 0.0046185520477592945,
  " drove": 0.004483915865421295,
  " br": 0.004198869224637747,
  " d": 0.003931058570742607,
  " bound": 0.003864252706989646,
  " steep": 0.003807052504271269,
  " st": 0.0037483442574739456,
  " gl": 0.0035507483407855034,
  " for": 0.003250542562454939,
  " took": 0.0030876072123646736,
  " went": 0.003059287555515766,
  " wore": 0.003020880278199911,
  " all": 0.002921871840953827,
  " w": 0.0029150417540222406
}
filter non-alpha: 40 -> 40
enc_int: 6 | token:  proud
{
  "ly": 0.8905741572380066,
  ",": 0.042773209512233734,
  " his": 0.01770356297492981,
  " he": 0.015384407714009285,
  " and": 0.014490846544504166,
  " with": 0.005651171784847975,
  " to": 0.005281041841953993,
  " as": 0.0010792631655931473,
  " did": 0.0009942012839019299,
  " against": 0.00038650730857625604,
  " the": 0.000352819130057469,
  " of": 0.0002748173719737679,
  " before": 0.00024899624986574054,
  " returned": 0.000161174830282107,
  " _": 0.00014831338194198906,
  " went": 0.00013539601059164852,
  " (": 0.0001327911450061947,
  " ste": 0.00010154395567951724,
  "LY": 9.399147529620677e-05,
  " rode": 8.552505460102111e-05,
  " that": 8.075979712884873e-05,
  " stood": 7.70757906138897e-05,
  ";": 7.539509533671662e-05,
  " beneath": 6.609254342038184e-05,
  " in": 5.896820584894158e-05,
  " they": 5.796061668661423e-05,
  " displayed": 5.714430153602734e-05,
  " was": 5.6134562328225e-05,
  " at": 5.5700907978462055e-05,
  " were": 5.0347403885098174e-05,
  " or": 4.822033952223137e-05,
  " for": 4.616886508301832e-05,
  " His": 4.394658753881231e-05,
  " approached": 4.180172618362121e-05,
  " had": 4.1503684769850224e-05,
  " their": 4.146874925936572e-05,
  " through": 4.134988193982281e-05,
  " sat": 4.080723010702059e-05,
  " yet": 3.634534004959278e-05,
  " lay": 3.546320294844918e-05
}
filter non-alpha: 40 -> 37
enc_int: 7 | token:  as
{
  " morning": 0.060861293226480484,
  " a": 0.06034984439611435,
  " war": 0.060343798249959946,
  " l": 0.052627429366111755,
  " summer": 0.0477161705493927,
  " e": 0.030088527128100395,
  " noble": 0.02943994663655758,
  " ever": 0.027906427159905434,
  " he": 0.022606275975704193,
  " ste": 0.018459929153323174,
  " the": 0.01724550686776638,
  " lion": 0.01594831794500351,
  " might": 0.015705375000834465,
  " his": 0.015377680771052837,
  " sun": 0.014484180137515068,
  " any": 0.01103233639150858,
  " ancient": 0.010871815495193005,
  " maj": 0.010037645697593689,
  " horse": 0.009970469400286674,
  " if": 0.009404482319951057,
  " Mars": 0.008524120785295963,
  " Peg": 0.0076651377603411674,
  " warrior": 0.007449775002896786,
  " battle": 0.007285700645297766,
  " nob": 0.007009237073361874,
  " val": 0.006589744705706835,
  " well": 0.006589248310774565,
  " when": 0.0063238926231861115,
  " an": 0.006002898793667555,
  " royal": 0.005809121765196323,
  " gold": 0.005204854998737574,
  " iron": 0.004430981352925301,
  " autumn": 0.0042560226283967495,
  " warriors": 0.004025883972644806,
  " one": 0.003983370028436184,
  " in": 0.003643216798081994,
  " Val": 0.003618096699938178,
  " mon": 0.003487755311653018,
  " fierce": 0.003407845739275217,
  " day": 0.0033509989734739065
}
filter non-alpha: 40 -> 40
enc_int: 5 | token:  e
{
  "agle": 0.45682191848754883,
  "agles": 0.44095250964164734,
  "'": 0.09423278272151947,
  "\u2019": 0.0042832959443330765,
  "ve": 0.0015420261770486832,
  "arl": 0.00046079332241788507,
  "bon": 0.0002577677369117737,
  "re": 0.00021588362869806588,
  "gre": 0.00017358038167003542,
  "ons": 0.00011528284085216,
  "ag": 9.00815284694545e-05,
  "els": 8.329495176440105e-05,
  "e": 4.5366126869339496e-05,
  "art": 3.497324723866768e-05,
  "greg": 3.0141405659378506e-05,
  "ath": 2.534871055104304e-05,
  "agers": 2.1369931346271187e-05,
  "id": 2.0952960767317563e-05,
  "\\'": 1.9825194613076746e-05,
  "clipse": 1.959239125426393e-05,
  " '": 1.3305576430866495e-05,
  "a": 1.201871782541275e-05,
  "el": 1.0618950909702107e-05,
  "ages": 9.586581654730253e-06,
  "on": 9.153243809123524e-06,
  "ider": 8.911668373912107e-06,
  "age": 8.818728929327335e-06,
  "-": 8.78739774634596e-06,
  "gle": 8.047299161262345e-06,
  "`": 7.478343377442798e-06,
  "\\": 7.441327852575341e-06,
  "h": 7.331804226851091e-06,
  "un": 7.295548584806966e-06,
  "pon": 6.508727437903872e-06,
  "cl": 6.486556230811402e-06,
  "ighth": 6.25353459327016e-06,
  "\u2032": 5.98704627918778e-06,
  "ith": 5.055132533016149e-06,
  "arth": 4.755896043207031e-06,
  "\"": 4.5706351556873415e-06
}
filter non-alpha: 40 -> 31
enc_int: 0 | token: agle
{
  ",": 0.32092931866645813,
  "'": 0.16972601413726807,
  " in": 0.1469430774450302,
  " fierce": 0.062416624277830124,
  " wings": 0.049008145928382874,
  " on": 0.03770626336336136,
  "-": 0.025202535092830658,
  " wing": 0.011610539630055428,
  " with": 0.007579008582979441,
  " eye": 0.007477713283151388,
  " that": 0.007464446593075991,
  "\u2019": 0.007463236805051565,
  " and": 0.006071168463677168,
  " to": 0.005931887775659561,
  " pier": 0.004753690678626299,
  " for": 0.0045496150851249695,
  " he": 0.004283226560801268,
  " or": 0.004135619383305311,
  " swift": 0.0038300608284771442,
  " h": 0.003778002457693219,
  " of": 0.003729791147634387,
  " high": 0.0036901223938912153,
  " eyes": 0.003423837246373296,
  " flight": 0.0026638363488018513,
  " ey": 0.002407240914180875,
  ";": 0.0023552614729851484,
  " royal": 0.002347986213862896,
  " at": 0.002047532005235553,
  " proud": 0.0020016771741211414,
  " fier": 0.0019895501900464296,
  " might": 0.0018780054524540901,
  " flights": 0.0017858465434983373,
  " (": 0.0017251191893592477,
  " flying": 0.0016770045040175319,
  " bold": 0.0015934399561956525,
  " by": 0.0015846019377931952,
  " '": 0.0014753683935850859,
  " d": 0.0013607554137706757,
  " so": 0.001355084590613842,
  " strong": 0.0011355536989867687
}
filter non-alpha: 40 -> 34
enc_int: 6 | token:  with
{
  " his": 0.31314972043037415,
  " wings": 0.1565326750278473,
  " the": 0.11676444858312607,
  " a": 0.04834246635437012,
  " swift": 0.03440547734498978,
  " its": 0.019431589171290398,
  " wing": 0.014990532770752907,
  " full": 0.0107383718714118,
  " reg": 0.010286279954016209,
  " fe": 0.010235346853733063,
  " might": 0.009233690798282623,
  " great": 0.009017057716846466,
  " strong": 0.008269846439361572,
  " young": 0.0077063823118805885,
  " golden": 0.0069017596542835236,
  " fierce": 0.006830328144133091,
  " neck": 0.005873014219105244,
  " winds": 0.004635094199329615,
  " gold": 0.004361686296761036,
  " pl": 0.004147373605519533,
  " thy": 0.004141587298363447,
  " out": 0.0037334104999899864,
  " wind": 0.003728774143382907,
  " ser": 0.003575443523004651,
  " eyes": 0.0035163911525160074,
  " un": 0.003391210688278079,
  " vict": 0.0033387078437954187,
  " noble": 0.0029975029174238443,
  " w": 0.0026687257923185825,
  " eye": 0.0024575889110565186,
  " j": 0.00236328924074769,
  " broad": 0.0022640544921159744,
  " their": 0.0022116624750196934,
  ",": 0.00217078672721982,
  " bright": 0.0019817028660327196,
  " her": 0.0019248031312599778,
  " cre": 0.0017825709655880928,
  " royal": 0.0017425586702302098,
  " bold": 0.0016100225038826466,
  " sun": 0.0015979656018316746
}
filter non-alpha: 40 -> 40
enc_int: 2 | token:  the
{
  " sun": 0.3030330538749695,
  " wind": 0.10520220547914505,
  " winds": 0.048989299684762955,
  " lightning": 0.04005446657538414,
  " golden": 0.03209645301103592,
  " morning": 0.027329888194799423,
  " me": 0.014134169556200504,
  " wings": 0.013695179484784603,
  " fier": 0.011707494966685772,
  " heav": 0.008996845223009586,
  " dawn": 0.008507780730724335,
  " might": 0.008229376748204231,
  " g": 0.00814488809555769,
  " s": 0.008080611005425453,
  " light": 0.008014706894755363,
  " thunder": 0.007738329470157623,
  " storm": 0.007577086798846722,
  " z": 0.007519490085542202,
  " strength": 0.007317236624658108,
  " gold": 0.007112192455679178,
  " breeze": 0.006428167689591646,
  " ste": 0.006329310592263937,
  " royal": 0.005853594280779362,
  " summer": 0.005730567965656519,
  " f": 0.005173400975763798,
  " swift": 0.005123789422214031,
  " lion": 0.004608913324773312,
  " bright": 0.004470511339604855,
  " speed": 0.004352491348981857,
  " reg": 0.0040552811697125435,
  " sky": 0.0036895491648465395,
  " qu": 0.0035909507423639297,
  " spe": 0.0034517687745392323,
  " r": 0.003333231434226036,
  " throne": 0.003315368201583624,
  " wing": 0.0032520806416869164,
  " w": 0.0029123504646122456,
  " m": 0.0029012812301516533,
  " power": 0.002863049739971757,
  " sunlight": 0.0028175804764032364
}
filter non-alpha: 40 -> 40
enc_int: 5 | token:  morning
{
  " sun": 0.7287618517875671,
  " light": 0.11011959612369537,
  " breeze": 0.048689112067222595,
  "'": 0.024262776598334312,
  " star": 0.015677060931921005,
  " de": 0.011306935921311378,
  " wind": 0.011281656101346016,
  " sky": 0.007522151339799166,
  " bright": 0.004524890333414078,
  ",": 0.0041975900530815125,
  " r": 0.002815673127770424,
  " beam": 0.0024608816020190716,
  " sk": 0.002333340235054493,
  " dawn": 0.0022444480564445257,
  " g": 0.002087862230837345,
  " air": 0.00197635218501091,
  " Sun": 0.0017864630790427327,
  " m": 0.0014612843515351415,
  " sunlight": 0.0013552512973546982,
  "\u2019": 0.0011029669549316168,
  " gle": 0.0009565367363393307,
  " be": 0.0007384271593764424,
  " day": 0.0006550999241881073,
  " tide": 0.0005304478108882904,
  " da": 0.0004366758221294731,
  " ray": 0.00037164989043958485,
  " gl": 0.00036675616865977645,
  " stars": 0.00031068598036654294,
  " winds": 0.0002932026982307434,
  " bl": 0.00026836394681595266,
  " time": 0.0002506912569515407,
  " (": 0.0002488488098606467,
  " bree": 0.0002400460944045335,
  " glow": 0.0001952299935510382,
  " z": 0.00019196745415683836,
  " prime": 0.00018801978148985654,
  " moon": 0.00017693947302177548,
  " storm": 0.00017315760487690568,
  " br": 0.0001652193459449336,
  " rain": 0.00016218138625845313
}
filter non-alpha: 40 -> 37
enc_int: 5 | token:  wind
{
  ",": 0.5457361340522766,
  " en": 0.08094333857297897,
  " did": 0.04772966355085373,
  " d": 0.020992670208215714,
  " that": 0.017595484852790833,
  " combined": 0.015969479456543922,
  " ent": 0.014993827790021896,
  " he": 0.014377569779753685,
  " asc": 0.014289374463260174,
  " behind": 0.014228589832782745,
  " his": 0.012857120484113693,
  " comb": 0.01258002407848835,
  "'": 0.01164405420422554,
  " sub": 0.011635929346084595,
  ";": 0.01162748783826828,
  ".": 0.008172311820089817,
  " so": 0.006512893829494715,
  " in": 0.0058183614164590836,
  " (": 0.005613422021269798,
  " a": 0.00460390979424119,
  " up": 0.004266895819455385,
  " to": 0.004159984178841114,
  " combine": 0.004005828872323036,
  " does": 0.0036432850174605846,
  " un": 0.003410332603380084,
  " and": 0.0031415133271366358,
  " al": 0.0026259394362568855,
  " divine": 0.0023840484209358692,
  "\n": 0.002344362670555711,
  " unt": 0.0022313727531582117,
  " beneath": 0.0018159400206059217,
  " above": 0.0018021605210378766,
  " combining": 0.0018002537544816732,
  " was": 0.001708067487925291,
  " took": 0.0014810377033427358,
  ":": 0.0013418863527476788,
  " embr": 0.0013115198817104101,
  " on": 0.0012692644959315658,
  " within": 0.001239442266523838,
  " ag": 0.0012008127523586154
}
filter non-alpha: 40 -> 35
enc_int: 6 | token:  ent
{
  "w": 0.9897423982620239,
  "win": 0.005299037788063288,
  "h": 0.0029143355786800385,
  "hr": 0.0007952753221616149,
  "ined": 0.0005225450149737298,
  "ine": 0.00015737548528704792,
  "wind": 0.00011100205301772803,
  "angled": 6.275463965721428e-05,
  "tw": 2.8374701287248172e-05,
  "wing": 2.043215135927312e-05,
  "wh": 1.8553082554717548e-05,
  "ied": 1.394925857312046e-05,
  "ines": 1.2587798664753791e-05,
  "wr": 9.947916623787023e-06,
  "ir": 8.985907697933726e-06,
  "he": 8.864768460625783e-06,
  "ang": 8.774569323577452e-06,
  "e": 8.340276508533861e-06,
  "hw": 8.326647730427794e-06,
  "we": 7.306501174753066e-06,
  "ren": 5.996818345010979e-06,
  "wi": 5.3928224588162266e-06,
  "in": 5.390138539951295e-06,
  "ur": 5.288591182761593e-06,
  "ried": 5.1412366701697465e-06,
  "wo": 4.399923454911914e-06,
  "WIN": 4.040547537442762e-06,
  "wed": 3.677550466818502e-06,
  "ru": 3.6312305837782333e-06,
  "angle": 3.533857125148643e-06,
  "ailed": 3.2606558306724764e-06,
  "hre": 3.236592874600319e-06,
  "ired": 3.2254663437925046e-06,
  "wen": 3.0544390483555617e-06,
  " wound": 2.9993716452736408e-06,
  "urn": 2.8157548968010815e-06,
  "Win": 2.815263769662124e-06,
  "une": 2.7597559437708696e-06,
  " win": 2.7594398943620035e-06,
  "i": 2.7095588848169427e-06
}
filter non-alpha: 40 -> 40
enc_int: 1 | token: win
{
  "'": 0.6978029608726501,
  ",": 0.10449784994125366,
  "-": 0.03475425764918327,
  "\u2019": 0.03266928344964981,
  "\u00e8": 0.014653585851192474,
  "eth": 0.012145261280238628,
  "',": 0.010491619817912579,
  ".": 0.009136895649135113,
  "(": 0.009047782979905605,
  "\n": 0.006536411587148905,
  "\u00e9d": 0.004998199641704559,
  " (": 0.004120945930480957,
  ";": 0.003258895594626665,
  "en": 0.0031944760121405125,
  "ing": 0.00215064431540668,
  "--": 0.0020397535990923643,
  "\u00e9": 0.0019529042765498161,
  "  ": 0.0018505568150430918,
  "[": 0.0015490095829591155,
  "te": 0.0014255692949518561,
  "ed": 0.001321020652540028,
  "est": 0.0012885303003713489,
  "'.": 0.001281028613448143,
  "\u00eb": 0.0012634560698643327,
  "---": 0.0012403337750583887,
  "...": 0.0012205634266138077,
  "\u0435": 0.0011695565190166235,
  ",(": 0.0009816598612815142,
  ":": 0.0009240367216989398,
  "\u2014": 0.0009227698901668191,
  "ne": 0.0009200498461723328,
  "\u2019,": 0.0008701131446287036,
  "em": 0.0008263354538939893,
  "-(": 0.0008180233999155462,
  "ement": 0.0007083243690431118,
  " ": 0.0006129934918135405,
  " [": 0.0006109507521614432,
  "ning": 0.0005131408106535673,
  "end": 0.0005117848631925881,
  "de": 0.00048049227916635573
}
filter non-alpha: 40 -> 19
enc_int: 3 | token: .
{
  "\n": 0.2316143661737442,
  " His": 0.1546623259782791,
  " He": 0.11335340887308121,
  " But": 0.06992723792791367,
  " The": 0.05779782682657242,
  " Yet": 0.05733562633395195,
  " With": 0.042864251881837845,
  " A": 0.028043504804372787,
  " (": 0.026193473488092422,
  " Now": 0.016229650005698204,
  " When": 0.010963459499180317,
  " And": 0.01089872233569622,
  " Upon": 0.00999374594539404,
  " B": 0.009782669134438038,
  " What": 0.008825725875794888,
  " Though": 0.00709407776594162,
  " To": 0.007021788042038679,
  " Wh": 0.0069696493446826935,
  " This": 0.005466550588607788,
  " _": 0.005285977851599455,
  " No": 0.005239802412688732,
  " Each": 0.004077968653291464,
  " One": 0.00391498813405633,
  " Where": 0.0036555093247443438,
  " As": 0.0031192649621516466,
  " .": 0.0028056108858436346,
  " So": 0.002459849463775754,
  " Before": 0.0024362741969525814,
  " In": 0.0024242063518613577,
  " ": 0.0022883012425154448,
  " All": 0.002231916645541787,
  " Through": 0.002224464202299714,
  " By": 0.0022092696744948626,
  " Bes": 0.0018758217338472605,
  " From": 0.0017766801174730062,
  " Once": 0.0016184741398319602,
  " S": 0.0015767227159813046,
  " Such": 0.001552867004647851,
  " Did": 0.001538663636893034,
  "  ": 0.0014905845746397972
}
filter non-alpha: 40 -> 34
enc_int: 7 | token:  Now
{
  ",": 0.1848505437374115,
  " in": 0.07591505348682404,
  " on": 0.02767666056752205,
  " with": 0.01644187979400158,
  " dark": 0.01533165667206049,
  " as": 0.0137490164488554,
  " hear": 0.013694316148757935,
  " winter": 0.012562909163534641,
  " g": 0.011930163949728012,
  " through": 0.011620564386248589,
  " from": 0.010510627180337906,
  " bent": 0.010485458187758923,
  " he": 0.010284965857863426,
  " stands": 0.009185897186398506,
  " weak": 0.009015071205794811,
  " sits": 0.008423253893852234,
  " to": 0.007973721250891685,
  " autumn": 0.007785148918628693,
  " lies": 0.007218979299068451,
  " we": 0.007098531350493431,
  " s": 0.0070191640406847,
  " fierce": 0.005595028400421143,
  " sh": 0.005487441550940275,
  " age": 0.005019025877118111,
  " worn": 0.00501146400347352,
  " w": 0.004828955512493849,
  " r": 0.004801551811397076,
  " see": 0.004765346646308899,
  " shall": 0.004576936364173889,
  " _": 0.0045317914336919785,
  " aged": 0.004278855863958597,
  " lost": 0.004265807569026947,
  " all": 0.004262283910065889,
  " summon": 0.004083689767867327,
  " (": 0.00392867298796773,
  " at": 0.00377513375133276,
  " pale": 0.0036403308622539043,
  " old": 0.003634031629189849,
  " when": 0.0035569220781326294,
  " fal": 0.003364322707056999
}
filter non-alpha: 40 -> 38
enc_int: 3 | token:  with
{
  " a": 0.29973554611206055,
  " his": 0.2684977948665619,
  " the": 0.09690093249082565,
  "ered": 0.05890677124261856,
  " what": 0.016565874218940735,
  " fierce": 0.012240062467753887,
  "ering": 0.009985980577766895,
  " new": 0.007788468152284622,
  " this": 0.006364635657519102,
  " sad": 0.005569357890635729,
  " an": 0.005518396385014057,
  " dark": 0.005431033670902252,
  " un": 0.004254569765180349,
  " sor": 0.0039044213481247425,
  " great": 0.003644693875685334,
  " dis": 0.0036237153690308332,
  " swift": 0.003212942276149988,
  " deep": 0.003001298988237977,
  " pale": 0.002987329149618745,
  " thy": 0.002353788586333394,
  " heavy": 0.0023190847132354975,
  " winter": 0.00223283632658422,
  " grim": 0.0022211975883692503,
  " dread": 0.002151922322809696,
  " bright": 0.002046649344265461,
  " despair": 0.002031964249908924,
  " red": 0.0019768159836530685,
  " reluct": 0.0019128298154100776,
  " autumn": 0.0017728278180584311,
  " our": 0.0016472383867949247,
  " w": 0.001636322122067213,
  " gray": 0.0016077777836471796,
  " s": 0.0015570636605843902,
  " sun": 0.0014767663087695837,
  " grief": 0.001439779414795339,
  " bold": 0.0013622655533254147,
  " soft": 0.0013605892891064286,
  " f": 0.0013545472174882889,
  " full": 0.0013171120081096888,
  " these": 0.0013169324956834316
}
filter non-alpha: 40 -> 40
enc_int: 4 | token:  what
{
  " care": 0.07953622192144394,
  " thoughts": 0.06118315830826759,
  " purpose": 0.042284976691007614,
  " f": 0.03684814274311066,
  " force": 0.03269253671169281,
  " words": 0.03192543610930443,
  " grace": 0.030030326917767525,
  " sor": 0.0277809277176857,
  " hand": 0.02403665892779827,
  " strength": 0.022824393585324287,
  " voice": 0.020959028974175453,
  " thought": 0.01861792989075184,
  " heart": 0.018277669325470924,
  " art": 0.015705375000834465,
  " might": 0.013675641268491745,
  " joy": 0.011989154852926731,
  " w": 0.011006474494934082,
  " cost": 0.010581492446362972,
  " means": 0.009887097403407097,
  " grief": 0.009729116223752499,
  " power": 0.008953739888966084,
  " g": 0.008226511999964714,
  " cruel": 0.007288077380508184,
  " fierce": 0.006363962311297655,
  " de": 0.0060491664335131645,
  " act": 0.005991748068481684,
  " measure": 0.005685403477400541,
  " r": 0.005410174839198589,
  " bitter": 0.005118100438266993,
  " gift": 0.005025717429816723,
  " cause": 0.004818703979253769,
  " reg": 0.004763796925544739,
  " maj": 0.004459839779883623,
  " passion": 0.004315436817705631,
  " touch": 0.0041338177397847176,
  " dread": 0.00398056348785758,
  " new": 0.0039671738632023335,
  " _": 0.0038598536048084497,
  " hope": 0.003844251623377204,
  " pain": 0.00383352511562407
}
filter non-alpha: 40 -> 39
enc_int: 6 | token:  grace
{
  ",": 0.2936801016330719,
  " he": 0.24757151305675507,
  " his": 0.10912524163722992,
  " and": 0.07781452685594559,
  " or": 0.07151040434837341,
  " the": 0.019184036180377007,
  " could": 0.013321701437234879,
  " (": 0.013308749534189701,
  "ful": 0.013170832768082619,
  " shall": 0.012428730726242065,
  " of": 0.011323051527142525,
  " did": 0.01108514703810215,
  " to": 0.005526441149413586,
  " can": 0.004334114491939545,
  " might": 0.0040373667143285275,
  " divine": 0.0038422669749706984,
  " thy": 0.003726653754711151,
  "?": 0.0037235699128359556,
  " may": 0.0036441220436245203,
  " would": 0.003266093321144581,
  " He": 0.0030721956863999367,
  " d": 0.002807295648381114,
  " that": 0.002523701870813966,
  " this": 0.002475592540577054,
  " does": 0.0020775010343641043,
  " so": 0.0017810934223234653,
  " His": 0.0016445063520222902,
  " a": 0.001521581201814115,
  " _": 0.0014637020649388433,
  " our": 0.0014105896698310971,
  "...": 0.0012591731501743197,
  " should": 0.0012364854337647557,
  " they": 0.0011937631061300635,
  " these": 0.0011780710192397237,
  " such": 0.0011381421936675906,
  " in": 0.0009457935811951756,
  " through": 0.0008766418904997408,
  " must": 0.00083434913540259,
  " nor": 0.0008286337833851576,
  " my": 0.0008214024128392339
}
filter non-alpha: 40 -> 36
enc_int: 1 | token:  he
{
  " rode": 0.13360832631587982,
  " ruled": 0.09558305889368057,
  " did": 0.05423275753855705,
  " sits": 0.04778202250599861,
  " sat": 0.04496769234538078,
  " rules": 0.04484516754746437,
  " walked": 0.0358915701508522,
  "'": 0.03336028382182121,
  " held": 0.031067488715052605,
  " led": 0.01732928305864334,
  " walks": 0.016360802575945854,
  " stro": 0.016053050756454468,
  " stood": 0.01484983041882515,
  " s": 0.014368796721100807,
  " re": 0.013166110031306744,
  " reign": 0.01195782795548439,
  " _": 0.01180529035627842,
  " d": 0.010419601574540138,
  " rule": 0.009960712864995003,
  " r": 0.009760084562003613,
  " took": 0.00807140301913023,
  " moved": 0.006892981939017773,
  ",": 0.006788821890950203,
  " moves": 0.006725387182086706,
  " might": 0.0066988468170166016,
  " would": 0.0066925520077347755,
  " h": 0.006687026005238295,
  " holds": 0.006208652164787054,
  " bore": 0.005775687284767628,
  " mounted": 0.005735748913139105,
  " sway": 0.005636520683765411,
  " w": 0.0056337472051382065,
  " ride": 0.005494557786732912,
  " met": 0.004725821781903505,
  " sp": 0.004206199664622545,
  " (": 0.004071155562996864,
  " faced": 0.00394642585888505,
  " sought": 0.0039009766187518835,
  " sit": 0.0038689509965479374,
  " rose": 0.0038485676050186157
}
filter non-alpha: 40 -> 37
enc_int: 2 | token:  did
{
  " his": 0.09606030583381653,
  " reign": 0.07515701651573181,
  ",": 0.051044151186943054,
  " pres": 0.04354722797870636,
  " command": 0.03667750582098961,
  " rule": 0.03262445330619812,
  " asc": 0.03066192753612995,
  " receive": 0.029579753056168556,
  " sit": 0.027932917699217796,
  " _": 0.02226148173213005,
  " the": 0.020879289135336876,
  " re": 0.01934904418885708,
  " in": 0.014095671474933624,
  " (": 0.01343537587672472,
  " assume": 0.011655759066343307,
  " begin": 0.01141725480556488,
  "...": 0.010712024755775928,
  " dis": 0.010240589268505573,
  " accept": 0.009548939764499664,
  " ride": 0.00907870102673769,
  " appear": 0.008979933336377144,
  " with": 0.008082552812993526,
  " govern": 0.007996810600161552,
  " extend": 0.007699315436184406,
  " take": 0.007411218713968992,
  " hold": 0.007099760230630636,
  " best": 0.006895082071423531,
  " **": 0.005975661333650351,
  " rein": 0.005692238919436932,
  " descend": 0.005623615812510252,
  " proceed": 0.005513068288564682,
  " to": 0.005325411446392536,
  " prepare": 0.005251763854175806,
  " embrace": 0.0050251418724656105,
  " maintain": 0.004955753218382597,
  " on": 0.0047454554587602615,
  " this": 0.004720175173133612,
  " conduct": 0.004372485913336277,
  " en": 0.004039154853671789,
  " now": 0.003800305537879467
}
filter non-alpha: 40 -> 36
enc_int: 4 | token:  command
{
  " the": 0.402585506439209,
  ",": 0.2869580388069153,
  " his": 0.1361096352338791,
  " respect": 0.015872972086071968,
  " The": 0.015574783086776733,
  " a": 0.012992347590625286,
  " that": 0.00934029370546341,
  " His": 0.009059201925992966,
  " (": 0.008514773100614548,
  " ob": 0.006573766935616732,
  " each": 0.005525066051632166,
  " both": 0.004899028223007917,
  " this": 0.004390208516269922,
  " all": 0.004161003511399031,
  " those": 0.0041314586997032166,
  " and": 0.003675065003335476,
  " or": 0.003452430246397853,
  " our": 0.0028455087449401617,
  "...": 0.0024679736234247684,
  " th": 0.0020725696813315153,
  "?": 0.001827736385166645,
  " such": 0.0016491771675646305,
  ".": 0.0016489962581545115,
  " in": 0.0015149821992963552,
  " attention": 0.0014472075272351503,
  " these": 0.0014385947724804282,
  " to": 0.0014366857940331101,
  " A": 0.0013875463046133518,
  "\n": 0.0013630231842398643,
  " an": 0.0012402659049257636,
  ":": 0.00112512381747365,
  "-": 0.001013208064250648,
  " with": 0.0010083996457979083,
  ";": 0.0008918977691791952,
  " as": 0.0007342835888266563,
  " thy": 0.0006939818849787116,
  " what": 0.0006696755299344659,
  " vast": 0.0006387882749550045,
  " fair": 0.0005808996502310038,
  " great": 0.0005227296496741474
}
filter non-alpha: 40 -> 33
enc_int: 2 | token:  his
{
  " subjects": 0.14347319304943085,
  " ste": 0.09930489957332611,
  " horse": 0.08823429048061371,
  " arm": 0.04523095861077309,
  " war": 0.03000403381884098,
  " people": 0.027269786223769188,
  " noble": 0.023192616179585457,
  " might": 0.022812414914369583,
  " troops": 0.021762322634458542,
  " army": 0.021294863894581795,
  " loyal": 0.02047830820083618,
  " h": 0.015487008728086948,
  " golden": 0.014354279264807701,
  " fier": 0.01404641568660736,
  " gall": 0.012822282500565052,
  " nob": 0.009850424714386463,
  " soldiers": 0.008740611374378204,
  " leg": 0.008303207345306873,
  " rest": 0.007997623644769192,
  " subject": 0.007655469700694084,
  " fierce": 0.007127636112272739,
  " f": 0.006995717063546181,
  " court": 0.006789397913962603,
  " royal": 0.006504980381578207,
  " proud": 0.006273647304624319,
  " faithful": 0.006238649133592844,
  " throne": 0.006155719980597496,
  " kn": 0.00606366666033864,
  " men": 0.006050825119018555,
  " we": 0.005868811625987291,
  " vict": 0.005577971693128347,
  " horses": 0.004873803351074457,
  " gl": 0.004338051192462444,
  " warriors": 0.004267559386789799,
  " lands": 0.004224312026053667,
  " chosen": 0.004089434165507555,
  " val": 0.003956296481192112,
  " kingdom": 0.003916763700544834,
  " reg": 0.0036944979801774025,
  " conqu": 0.0036808066070079803
}
filter non-alpha: 40 -> 40
enc_int: 5 | token:  people
{
  "'": 0.28282687067985535,
  ",": 0.27642539143562317,
  " to": 0.20498628914356232,
  " all": 0.03086741827428341,
  " in": 0.023248322308063507,
  " and": 0.018329618498682976,
  "\u2019": 0.017877081409096718,
  " vast": 0.011509664356708527,
  " from": 0.008812285959720612,
  " so": 0.005464002024382353,
  " fair": 0.004799914546310902,
  " at": 0.003898795461282134,
  " did": 0.0035364178474992514,
  " gathered": 0.0033537514973431826,
  " strong": 0.0031554079614579678,
  " gather": 0.0029891531448811293,
  " on": 0.0027408308815211058,
  " great": 0.0026395341847091913,
  " as": 0.0021982109174132347,
  " of": 0.0021489448845386505,
  " he": 0.001969618024304509,
  " through": 0.001917313551530242,
  " ever": 0.001859550946392119,
  " thus": 0.0015519558219239116,
  "?": 0.0015035229735076427,
  " or": 0.0014480318641290069,
  " thr": 0.0014042597031220794,
  " with": 0.0013572982279583812,
  " loyal": 0.0013073546579107642,
  " once": 0.001222948427312076,
  " by": 0.0011564430315047503,
  " sw": 0.0011252263793721795,
  " round": 0.001116798841394484,
  " here": 0.0010225262958556414,
  " free": 0.0010185252176597714,
  " unt": 0.0008959625265561044,
  " might": 0.0008365449612028897,
  " there": 0.0008194170077331364,
  " '": 0.0008091873023658991,
  " when": 0.0008079863036982715
}
filter non-alpha: 40 -> 36
enc_int: 3 | token:  in
{
  " his": 0.2503957450389862,
  " their": 0.1957315057516098,
  " the": 0.1729777455329895,
  " this": 0.06731248646974564,
  " delight": 0.027584075927734375,
  " un": 0.02145346999168396,
  " a": 0.017138781026005745,
  " one": 0.01613260991871357,
  " peace": 0.015161573886871338,
  " dec": 0.015045622363686562,
  " that": 0.011033088900148869,
  " such": 0.010426132939755917,
  " great": 0.009040352888405323,
  " each": 0.005608685780316591,
  " respect": 0.0039337328635156155,
  " thr": 0.003678687382489443,
  " renown": 0.0035373372957110405,
  " these": 0.003386708674952388,
  " full": 0.0033265072852373123,
  " all": 0.003222642233595252,
  " accord": 0.002874060533940792,
  " war": 0.002733696484938264,
  " array": 0.002482000971212983,
  " line": 0.0024613067507743835,
  " sweet": 0.0022645737044513226,
  " debate": 0.002155677182599902,
  " ob": 0.0021129304077476263,
  " those": 0.0017003831453621387,
  " to": 0.0015321556711569428,
  " embrace": 0.001529106986708939,
  " rep": 0.0014686688082292676,
  " grand": 0.001447951071895659,
  " unity": 0.0014135960955172777,
  " fine": 0.001410505617968738,
  " time": 0.001363286399282515,
  " distress": 0.001341640017926693,
  " good": 0.001330913626588881,
  " refr": 0.0013160668313503265,
  " command": 0.0012685965048149228,
  " defeat": 0.0012255754554644227
}
filter non-alpha: 40 -> 40
enc_int: 3 | token:  this
{
  " hour": 0.22089339792728424,
  " place": 0.1651984006166458,
  " time": 0.12058195471763611,
  " land": 0.07333339750766754,
  " way": 0.048023875802755356,
  " scene": 0.03605325147509575,
  " wise": 0.025988325476646423,
  " might": 0.015719497576355934,
  " pl": 0.012890810146927834,
  " town": 0.01023382879793644,
  " day": 0.009981139563024044,
  " str": 0.009868873283267021,
  " throne": 0.00922231562435627,
  " act": 0.00838435534387827,
  " reign": 0.008341717533767223,
  " task": 0.008301853202283382,
  " sight": 0.00688867038115859,
  " state": 0.006574996281415224,
  " realm": 0.006528845988214016,
  " f": 0.006073343101888895,
  " tr": 0.005691536236554384,
  " space": 0.005473679397255182,
  " m": 0.005434062331914902,
  " sphere": 0.0053220149129629135,
  " line": 0.004671168979257345,
  " need": 0.0038169061299413443,
  " grace": 0.003298034891486168,
  " thr": 0.0030324694234877825,
  " hall": 0.0026706596836447716,
  " grand": 0.002621929394081235,
  " tide": 0.0025745267048478127,
  " prime": 0.002305040368810296,
  " fight": 0.0022302845027297735,
  " w": 0.0020636313129216433,
  " court": 0.0019746727775782347,
  " gl": 0.0019513227744027972,
  " quest": 0.0019410005770623684,
  " h": 0.0019354323158040643,
  " affair": 0.0017744643846526742,
  " tale": 0.0017260037129744887
}
filter non-alpha: 40 -> 40
enc_int: 6 | token:  wise
{
  ",": 0.6837058663368225,
  ":": 0.1392173022031784,
  " dec": 0.04818218573927879,
  ".": 0.010782278142869473,
  " to": 0.010536807589232922,
  " (": 0.007124156691133976,
  ";": 0.006718597840517759,
  "?": 0.004321456421166658,
  " he": 0.003753670956939459,
  " land": 0.0032612329814583063,
  " To": 0.002777478192001581,
  " and": 0.002448569517582655,
  "-": 0.002326212590560317,
  " way": 0.0021250504069030285,
  "...": 0.0020608268678188324,
  "\u2014": 0.001837407355196774,
  " Dec": 0.0016266567399725318,
  " domain": 0.0016066167736425996,
  "\n": 0.0016013117274269462,
  "--": 0.001421570428647101,
  " affair": 0.0013922963989898562,
  " we": 0.0011812091106548905,
  " refr": 0.001035187509842217,
  " manner": 0.0008229502127505839,
  " re": 0.0007321261218748987,
  " And": 0.0006678075296804309,
  " m": 0.0006594264414161444,
  " command": 0.0006404315936379135,
  " divine": 0.0006250330479815602,
  " design": 0.0005890540196560323,
  " decision": 0.0005705554503947496,
  " debate": 0.0005478577804751694,
  " [": 0.0005422768299467862,
  " He": 0.0004961080267094076,
  " line": 0.000492872903123498,
  " regard": 0.0004871310666203499,
  " display": 0.00046821695286780596,
  "....": 0.00046143340296112,
  " We": 0.0004570332239381969,
  " I": 0.00043443008325994015
}
filter non-alpha: 40 -> 29
enc_int: 2 | token: .
{
  "\n": 0.40431445837020874,
  " He": 0.13515251874923706,
  " To": 0.06979504227638245,
  " (": 0.06837579607963562,
  " His": 0.02378339320421219,
  " The": 0.021095028147101402,
  " \"": 0.01564987562596798,
  " With": 0.015265142545104027,
  " They": 0.012030157260596752,
  " Their": 0.011091561056673527,
  " As": 0.010191699489951134,
  " _": 0.009251716546714306,
  " That": 0.008795811794698238,
  " A": 0.008370736613869667,
  " And": 0.008279782719910145,
  " When": 0.008258222602307796,
  " Or": 0.007801238913089037,
  " No": 0.0073202732019126415,
  " Through": 0.006587344687432051,
  " Though": 0.005111987702548504,
  " .": 0.0043372465297579765,
  " In": 0.004218393936753273,
  " But": 0.003961098846048117,
  " Yet": 0.0036838145460933447,
  " '": 0.00346223427914083,
  " Where": 0.0034156187903136015,
  " How": 0.003326541744172573,
  " From": 0.0031480472534894943,
  " What": 0.0030925595201551914,
  " (\"": 0.002768942154943943,
  " Each": 0.0027554105035960674,
  " By": 0.0026019772049039602,
  " **": 0.002561617409810424,
  " For": 0.00254449131898582,
  " Upon": 0.002435526344925165,
  " Before": 0.0024150339886546135,
  " All": 0.002404137048870325,
  " Wh": 0.002313588745892048,
  " *": 0.002308495109900832,
  " B": 0.002259699162095785
}
filter non-alpha: 40 -> 31
enc_int: 6 | token:  Their
{
  " hearts": 0.14779415726661682,
  " lives": 0.06818071007728577,
  " daily": 0.034108519554138184,
  " lab": 0.02353578619658947,
  " to": 0.021107142791152,
  " joy": 0.019622115418314934,
  " f": 0.018046114593744278,
  " love": 0.015761040151119232,
  " eyes": 0.015656592324376106,
  " voices": 0.0152485566213727,
  " bur": 0.012217740528285503,
  " faith": 0.012209424749016762,
  " loyalty": 0.012079155072569847,
  " thoughts": 0.01170702651143074,
  " every": 0.011330705136060715,
  " labor": 0.010325387120246887,
  " laughter": 0.009519234299659729,
  " needs": 0.008914598263800144,
  " fields": 0.008616059087216854,
  " strength": 0.008251766674220562,
  " minds": 0.00815900694578886,
  " tears": 0.007941445335745811,
  " hands": 0.007639514748007059,
  " t": 0.007324784528464079,
  " work": 0.007114484440535307,
  " hum": 0.006930629722774029,
  " murm": 0.0064572542905807495,
  " fears": 0.006138276774436235,
  " trust": 0.006119205616414547,
  " heart": 0.005640889517962933,
  " souls": 0.005522429011762142,
  " very": 0.005214717239141464,
  " whis": 0.0051108673214912415,
  " simple": 0.005084934178739786,
  " fe": 0.004704033490270376,
  " hopes": 0.004651418421417475,
  " lands": 0.004607014823704958,
  " we": 0.0042533911764621735,
  " taxes": 0.004073482938110828,
  " faces": 0.004000447690486908
}
filter non-alpha: 40 -> 40
enc_int: 2 | token:  daily
{
  " to": 0.3523867130279541,
  " lives": 0.15261903405189514,
  " needs": 0.07166500389575958,
  " bread": 0.061072979122400284,
  " labor": 0.0558343268930912,
  " tasks": 0.04530121758580208,
  " work": 0.03459744155406952,
  " life": 0.02752467803657055,
  " care": 0.023691914975643158,
  " lab": 0.02244245819747448,
  " cares": 0.015249529853463173,
  " task": 0.010155122727155685,
  " str": 0.008655969984829426,
  " wants": 0.007703287992626429,
  " labour": 0.006558328401297331,
  " pl": 0.005734739359468222,
  " need": 0.004586623981595039,
  " food": 0.004535496700555086,
  " joy": 0.0032983070705085993,
  " p": 0.0031623973045498133,
  " jo": 0.0025636141654103994,
  " works": 0.0022435984574258327,
  " acts": 0.00216308468952775,
  " cho": 0.0020874319598078728,
  " w": 0.0020011579617857933,
  " pain": 0.0017683716723695397,
  " de": 0.0017515941290184855,
  " prayer": 0.0017158013070002198,
  " trust": 0.0016805297927930951,
  " struggles": 0.0016791378147900105,
  " peace": 0.001588876941241324,
  ",": 0.0014493457274511456,
  " bur": 0.0013708042679354548,
  " fears": 0.001310334075242281,
  " duties": 0.001293130568228662,
  " want": 0.0011832363670691848,
  " meals": 0.001151659875176847,
  " struggle": 0.001064153853803873,
  " meal": 0.0010074864840134978,
  " prayers": 0.0009308281587436795
}
filter non-alpha: 40 -> 40
enc_int: 0 | token:  to
{
  "il": 0.7891668081283569,
  "ils": 0.2085125744342804,
  "iling": 0.0007910665590316057,
  "iled": 0.00021063083840999752,
  "iles": 0.00017252317047677934,
  "ilers": 0.00015324830019380897,
  "iler": 7.409084355458617e-05,
  "ill": 4.322648965171538e-05,
  "ts": 3.114217906841077e-05,
  "ile": 2.902404776250478e-05,
  "ll": 2.7519909053808078e-05,
  "le": 2.168715036532376e-05,
  "me": 1.5699301002314314e-05,
  "ons": 1.5311994502553716e-05,
  "dd": 1.485600478190463e-05,
  "mes": 1.4835574802418705e-05,
  "i": 1.2815056834369898e-05,
  "ilst": 1.2413828699209262e-05,
  " and": 1.1248410373809747e-05,
  " their": 1.1167581760673784e-05,
  "l": 1.087164127966389e-05,
  "ds": 1.0857871529879048e-05,
  "'": 9.83907375484705e-06,
  " his": 9.55635005084332e-06,
  "asts": 8.521100426150952e-06,
  "ls": 8.127301953209098e-06,
  "re": 8.12490725365933e-06,
  "tes": 7.947252015583217e-06,
  "ild": 7.884511433076113e-06,
  " the": 7.818849553586915e-06,
  ",": 7.61767796575441e-06,
  "de": 6.781799584132386e-06,
  "gs": 6.701326128677465e-06,
  "li": 6.452375146182021e-06,
  "on": 6.338954335660674e-06,
  "al": 6.322460194496671e-06,
  "ad": 6.2865656218491495e-06,
  "te": 6.2285485000757035e-06,
  "ws": 6.170160304463934e-06,
  "yle": 5.966805474599823e-06
}
filter non-alpha: 40 -> 39
enc_int: 2 | token: iling
{
  ",": 0.2702116370201111,
  " for": 0.07961036264896393,
  " lives": 0.059883780777454376,
  " in": 0.045156802982091904,
  " labor": 0.034814633429050446,
  " life": 0.03350067511200905,
  " and": 0.03242617845535278,
  " to": 0.030927883461117744,
  " lab": 0.016999220475554466,
  " ce": 0.015532144345343113,
  " made": 0.01505807600915432,
  " tasks": 0.01229511946439743,
  " through": 0.011120655573904514,
  " hearts": 0.010356609709560871,
  " brought": 0.01005761418491602,
  " yield": 0.008609241805970669,
  " with": 0.00841518398374319,
  " on": 0.007220163010060787,
  " he": 0.006866615731269121,
  " e": 0.006601872853934765,
  " was": 0.006183518096804619,
  " under": 0.0057444279082119465,
  " work": 0.00572594627737999,
  " done": 0.004301803652197123,
  " hard": 0.0039964099414646626,
  " gave": 0.0037858884315937757,
  " task": 0.003713957266882062,
  " labour": 0.003639091504737735,
  " fields": 0.0035669358912855387,
  " ever": 0.00355401448905468,
  " but": 0.0035226040054112673,
  " be": 0.003079652553424239,
  " needs": 0.003073007334023714,
  " w": 0.0030373316258192062,
  " not": 0.0030147957149893045,
  " long": 0.0027336652856320143,
  " they": 0.0025740773417055607,
  " turned": 0.002361788647249341,
  " never": 0.0023567823227494955,
  " did": 0.0022662740666419268
}
filter non-alpha: 40 -> 40
enc_int: 2 | token:  lives
{
  ",": 0.3553854525089264,
  " he": 0.09514360874891281,
  " were": 0.07945172488689423,
  " to": 0.060686737298965454,
  " with": 0.06030532717704773,
  " in": 0.03821060433983803,
  " and": 0.03666507452726364,
  " for": 0.014513859525322914,
  " made": 0.01240326277911663,
  " did": 0.012232495471835136,
  " his": 0.010915765538811684,
  " through": 0.008770168758928776,
  " would": 0.008005375973880291,
  " improved": 0.00743039371445775,
  " they": 0.00716678099706769,
  " brought": 0.006991975475102663,
  " en": 0.00640974473208189,
  " of": 0.005999055225402117,
  " should": 0.00570862740278244,
  " no": 0.005183705128729343,
  " by": 0.004666387103497982,
  " could": 0.003945593722164631,
  " e": 0.0034248479641973972,
  " a": 0.003368729492649436,
  " be": 0.0032206131145358086,
  " became": 0.0032114642672240734,
  " transformed": 0.0029273442924022675,
  " beneath": 0.002822314854711294,
  " so": 0.002600601175799966,
  " not": 0.0025765052996575832,
  " within": 0.0024175350554287434,
  " had": 0.0022392303217202425,
  " must": 0.0021510617807507515,
  " gave": 0.0021360223181545734,
  " from": 0.0019939085468649864,
  " as": 0.001982497749850154,
  " might": 0.001975985709577799,
  " that": 0.0018658330664038658,
  " turned": 0.0018501252634450793,
  " relieved": 0.0018411680357530713
}
filter non-alpha: 40 -> 40
enc_int: 7 | token:  for
{
  " him": 0.3423445522785187,
  " peace": 0.20005778968334198,
  " his": 0.05205676332116127,
  " all": 0.029133275151252747,
  " the": 0.02487332746386528,
  " them": 0.013975485228002071,
  " n": 0.01330548245459795,
  " their": 0.009788651019334793,
  " food": 0.00916549563407898,
  " common": 0.009162768721580505,
  " joy": 0.00894750002771616,
  "s": 0.00851558055728674,
  " ever": 0.007295239716768265,
  " life": 0.006203961558640003,
  " every": 0.006140182260423899,
  "ged": 0.005869195330888033,
  " prosper": 0.005476083606481552,
  " harmony": 0.004845579154789448,
  " war": 0.004799768328666687,
  " honor": 0.004665771033614874,
  " love": 0.004362362436950207,
  " pl": 0.004123017657548189,
  " country": 0.004059288185089827,
  " nob": 0.004042203538119793,
  " which": 0.0038163403514772654,
  "b": 0.0036718840710818768,
  " a": 0.0034498220775276423,
  " one": 0.0033962582238018513,
  " each": 0.003350913990288973,
  " but": 0.0031017917208373547,
  " noble": 0.002988628577440977,
  " greater": 0.0029204594902694225,
  " peaceful": 0.0028159967623651028,
  " gold": 0.0027160479221493006,
  " want": 0.0026661260053515434,
  " fe": 0.0026396773755550385,
  " comfort": 0.0024942178279161453,
  " growth": 0.0024614545982331038,
  " ease": 0.002457007998600602,
  " wealth": 0.00237491587176919
}
filter non-alpha: 40 -> 40
enc_int: 5 | token:  them
{
  ",": 0.30667734146118164,
  " to": 0.1836542934179306,
  " a": 0.07100193947553635,
  " and": 0.04979561269283295,
  " in": 0.04807072877883911,
  " were": 0.03975125402212143,
  " all": 0.03809822350740433,
  " he": 0.025696149095892906,
  " was": 0.02354682981967926,
  " did": 0.015073191374540329,
  " his": 0.014669611118733883,
  " with": 0.014249727129936218,
  " the": 0.013051416724920273,
  ";": 0.011940215714275837,
  " no": 0.010388690046966076,
  " would": 0.0101953549310565,
  " who": 0.007983125746250153,
  " as": 0.005505412817001343,
  " brought": 0.005456243176013231,
  " an": 0.005094487220048904,
  " had": 0.004190642386674881,
  " that": 0.003960392437875271,
  " should": 0.003922159317880869,
  " through": 0.0035127177834510803,
  " made": 0.00297783175483346,
  " not": 0.0029554215725511312,
  ":": 0.002568494062870741,
  " be": 0.0018826480954885483,
  " so": 0.0017225183546543121,
  " might": 0.0017023400869220495,
  " beneath": 0.0016332585364580154,
  " their": 0.0015596779994666576,
  "-": 0.001490925787948072,
  " became": 0.0014087761519476771,
  " could": 0.0013557090424001217,
  " both": 0.0013272803043946624,
  " but": 0.001303376047872007,
  ".": 0.0012589432299137115,
  " shall": 0.0011833305470645428,
  "\u2014": 0.0011183030437678099
}
filter non-alpha: 40 -> 36
enc_int: 1 | token:  to
{
  " live": 0.36855554580688477,
  " th": 0.06005040183663368,
  " share": 0.03011830523610115,
  " know": 0.022481562569737434,
  " be": 0.021731004118919373,
  " see": 0.02018292434513569,
  " prosper": 0.01848362572491169,
  " flour": 0.01836194284260273,
  " eat": 0.0162392258644104,
  " find": 0.01398657076060772,
  " rise": 0.013039403595030308,
  " make": 0.011802430264651775,
  " stri": 0.010988345369696617,
  " keep": 0.010358205065131187,
  " grow": 0.010338773019611835,
  " lead": 0.01029273122549057,
  " feed": 0.009936150163412094,
  " build": 0.00991868320852518,
  " have": 0.009769807569682598,
  " bear": 0.009361276403069496,
  " cher": 0.008611306548118591,
  " learn": 0.005602436140179634,
  " blo": 0.005303461104631424,
  " seek": 0.005301706492900848,
  " serve": 0.00502054113894701,
  " rest": 0.0049013132229447365,
  " bless": 0.004644986242055893,
  " breathe": 0.004395625554025173,
  " feel": 0.004041773267090321,
  " enjoy": 0.0039985994808375835,
  " raise": 0.003959314431995153,
  " dwell": 0.003834743984043598,
  " drink": 0.0037466592621058226,
  " gain": 0.0036096584517508745,
  " love": 0.003595880698412657,
  " never": 0.003519945777952671,
  " form": 0.003470540279522538,
  " freely": 0.0034427049104124308,
  " all": 0.003384831128641963,
  " ease": 0.0033637755550444126
}
filter non-alpha: 40 -> 40
enc_int: 1 | token:  th
{
  "rive": 0.9987128376960754,
  "ine": 0.0007885884260758758,
  "ieve": 0.00014054849452804774,
  "riving": 6.24066378804855e-05,
  "wart": 4.672627619584091e-05,
  "riv": 4.076611730852164e-05,
  "irst": 2.9884633477195166e-05,
  "rived": 1.5259109204635024e-05,
  "ither": 1.311821961280657e-05,
  "ri": 1.2869581951235887e-05,
  "ive": 1.2520823474915233e-05,
  "ru": 1.045326189341722e-05,
  "river": 9.892061825667042e-06,
  "rieve": 7.903956429800019e-06,
  "ry": 4.026511305710301e-06,
  "rought": 3.286734454377438e-06,
  "ron": 2.676431677173241e-06,
  "riven": 2.5022118279593997e-06,
  "o": 2.3824527488613967e-06,
  "rees": 2.3180421067081625e-06,
  "ave": 2.285268465129775e-06,
  "resh": 2.236935642940807e-06,
  "aw": 2.228852281405125e-06,
  "w": 2.1502164599951357e-06,
  "yme": 2.0523907551250886e-06,
  "rum": 2.018427949224133e-06,
  "inner": 1.7233586504517007e-06,
  "'": 1.6860801679285942e-06,
  "ie": 1.5493293403778807e-06,
  "our": 1.3841054169461131e-06,
  "ief": 1.3447155424728408e-06,
  "ow": 1.3366757229960058e-06,
  "ir": 1.2081675322406227e-06,
  "rie": 1.1818924576800782e-06,
  "ump": 1.0407896979813813e-06,
  " drive": 9.557001021676115e-07,
  "rou": 9.305301773565589e-07,
  "re": 8.949590437623556e-07,
  "or": 8.482542739329801e-07,
  "\u00e8": 8.447756840723741e-07
}
filter non-alpha: 40 -> 39
enc_int: 1 | token: ine
final: Below is an iambic penatameter poem. Complete it:
The king, whose power and pride, were known through the realms of earth to shine, In harness proud as eagle with the morning wind entwin. Now with what grace he did command his people in this wise. Their daily toiling lives for them to thine
