encoded_msg: b'\x10\x94\xaf\xff\x83\xbf\x02M\xe8\xca\xdc_s\x15\x15o,\x82^\x93'
encode_bits: 0001000010010100101011111111111110000011101111110000001001001101111010001100101011011100010111110111001100010101000101010110111100101100100000100101111010010011
{
  ",": 0.33548852801322937,
  " sat": 0.14481237530708313,
  " with": 0.09293358027935028,
  " in": 0.07055572420358658,
  " of": 0.06830935180187225,
  "'": 0.04672374203801155,
  " did": 0.04000898078083992,
  " upon": 0.03569549694657326,
  " and": 0.01179180946201086,
  " _": 0.010800575837492943,
  " on": 0.010566189885139465,
  " (": 0.007482403423637152,
  " stood": 0.006838778965175152,
  " was": 0.006536383647471666,
  " decre": 0.0052566672675311565,
  " who": 0.004498174414038658,
  " commanded": 0.004182423464953899,
  " demanded": 0.003985955845564604,
  "\u2019": 0.003409345867112279,
  " lay": 0.0032259710133075714,
  " by": 0.0030003702268004417,
  " sits": 0.002405564533546567,
  " held": 0.002317989245057106,
  " be": 0.002296469872817397,
  "ly": 0.002252997364848852,
  " his": 0.0021698148921132088,
  " within": 0.0020928699523210526,
  " a": 0.001956705469638109,
  " had": 0.0015745002310723066,
  " ordered": 0.0015385448932647705,
  " (_": 0.001262709149159491,
  " d": 0.0012152774725109339,
  " whose": 0.0012002441799268126,
  " bes": 0.00107689225114882,
  " ruled": 0.001045707263983786,
  " at": 0.0010270474012941122,
  " called": 0.0010114011820405722,
  " s": 0.0008448938024230301,
  " from": 0.0008136759279295802,
  " [": 0.0008008219883777201
}
pre_accept_filter: 40 -> 34
post_accept_filter: 34 -> 33
enc_int: 1 | token: ' with'
{
  " reg": 0.0701742023229599,
  " wisdom": 0.057405754923820496,
  " a": 0.04547443985939026,
  " s": 0.04196339473128319,
  " heavy": 0.04063471034169197,
  " might": 0.039311449974775314,
  " h": 0.03570753335952759,
  " pride": 0.034489452838897705,
  " sor": 0.030028579756617546,
  " his": 0.027224117890000343,
  " power": 0.025563059374690056,
  " _": 0.021218428388237953,
  " eyes": 0.019757747650146484,
  " golden": 0.01973307877779007,
  " heart": 0.017708670347929,
  " f": 0.017569871619343758,
  " (": 0.014904090203344822,
  " so": 0.0138788977637887,
  " royal": 0.012628712691366673,
  " crown": 0.012264986522495747,
  " pom": 0.012239700183272362,
  " **": 0.00878666527569294,
  " grace": 0.007884914055466652,
  " all": 0.0073322695679962635,
  " joy": 0.007058873772621155,
  " great": 0.006897850893437862,
  " sword": 0.006547610275447369,
  " maj": 0.006194395944476128,
  " fierce": 0.005431781988590956,
  " strength": 0.005382130853831768,
  " noble": 0.005096773151308298,
  " vis": 0.004881690256297588,
  " w": 0.004791760351508856,
  " proud": 0.004609605763107538,
  " grave": 0.004372010473161936,
  " g": 0.004036875441670418,
  " b": 0.004021862056106329,
  " fur": 0.003861447796225548,
  " brow": 0.0037936086300760508,
  " stern": 0.0037503433413803577
}
pre_accept_filter: 40 -> 37
post_accept_filter: 37 -> 37
enc_int: 0 | token: ' reg'
{
  "al": 0.9946369528770447,
  "ality": 0.003187925089150667,
  "'": 0.00028841375024057925,
  "als": 0.0002797073975671083,
  "ale": 0.00021645631932187825,
  "ent": 0.00019800564041361213,
  "aled": 0.000163209144375287,
  "alia": 0.00015878459089435637,
  "ally": 9.148316894425079e-05,
  "ald": 4.772067768499255e-05,
  "rets": 4.550738594844006e-05,
  "nal": 4.338048893259838e-05,
  "iment": 4.2316420149290934e-05,
  "nant": 3.5885437682736665e-05,
  "a": 3.203017695341259e-05,
  "ales": 2.463295459165238e-05,
  "\u2019": 1.7786243915907107e-05,
  "ency": 1.7759904949343763e-05,
  "ant": 1.6847292499733157e-05,
  "ained": 1.6720938219805248e-05,
  "AL": 1.4840116818959359e-05,
  "imen": 1.4305640434031375e-05,
  "iments": 1.2089901247236412e-05,
  "-": 1.1201640518265776e-05,
  "ence": 1.1162715964019299e-05,
  "all": 1.069750123861013e-05,
  "ard": 1.0062241926789284e-05,
  "el": 7.697446562815458e-06,
  "ents": 7.650476618437096e-06,
  " al": 6.746739472873742e-06,
  ",": 6.634822057094425e-06,
  "rett": 5.824723302794155e-06,
  "ain": 5.801439328934066e-06,
  "ret": 5.500512997969054e-06,
  " _": 5.296920335240429e-06,
  "ar": 5.2652412705356255e-06,
  "ious": 5.04839772474952e-06,
  "u": 4.931474904878996e-06,
  "alt": 4.783926669915672e-06,
  "**": 4.703613740275614e-06
}
pre_accept_filter: 40 -> 35
accept_tok hit: 'al' | continuing...
{
  " grace": 0.4810376465320587,
  " pride": 0.10519406944513321,
  " bearing": 0.06486618518829346,
  " air": 0.05413517355918884,
  " pom": 0.032739367336034775,
  " spl": 0.025788133963942528,
  " m": 0.025739364326000214,
  " maj": 0.014216090552508831,
  " might": 0.013476812280714512,
  " de": 0.013149403035640717,
  " count": 0.01030268520116806,
  " power": 0.008283976465463638,
  ",": 0.00784062035381794,
  " state": 0.0066312518902122974,
  " stat": 0.006124990992248058,
  " _": 0.0053976052440702915,
  " gaze": 0.0040146843530237675,
  " po": 0.0038554093334823847,
  " grand": 0.003818437224254012,
  " s": 0.0037168199196457863,
  " f": 0.003516807220876217,
  " dignity": 0.003339577466249466,
  " hand": 0.0031495634466409683,
  " a": 0.003144257701933384,
  " presence": 0.003097672015428543,
  " **": 0.0025078393518924713,
  " heart": 0.00231875735335052,
  " wisdom": 0.0022849692031741142,
  " g": 0.002258656546473503,
  " charm": 0.0022434722632169724,
  " beauty": 0.001795544638298452,
  " gr": 0.0016984334215521812,
  " strength": 0.0016708839684724808,
  " gar": 0.0016499976627528667,
  " stance": 0.0016459269681945443,
  " sway": 0.0013800649903714657,
  " pow": 0.0013374964473769069,
  " rob": 0.0012941650347784162,
  " stride": 0.0012528373626992106,
  " (": 0.0012380434200167656
}
pre_accept_filter: 40 -> 37
post_accept_filter: 37 -> 36
enc_int: 9 | token: ' de'
{
  "mean": 0.9879934787750244,
  "me": 0.003961064852774143,
  "eds": 0.001046283752657473,
  "em": 0.0009903711033985019,
  "ign": 0.0008051390759646893,
  " mean": 0.0005896278889849782,
  "ed": 0.0005136365653015673,
  "w": 0.0004053449956700206,
  "x": 0.00039572606328874826,
  "-": 0.0002990149660035968,
  "ft": 0.00026486458955332637,
  "eme": 0.00021313542674761266,
  "ference": 0.00017691719403956085,
  "'": 0.00012437747500371188,
  "pt": 9.269679139833897e-05,
  "ame": 8.280421025119722e-05,
  "man": 8.277587039628997e-05,
  "wd": 7.233823998831213e-05,
  " **": 6.98223666404374e-05,
  "ity": 6.664873217232525e-05,
  "ems": 6.182468496263027e-05,
  ",": 5.3659838158637285e-05,
  " _": 5.0756461860146374e-05,
  "arth": 4.744640318676829e-05,
  " Mean": 4.726922998088412e-05,
  "e": 4.553990584099665e-05,
  "pr": 4.313013414503075e-05,
  "ms": 3.8073176256148145e-05,
  "an": 3.480780651443638e-05,
  " meaning": 3.0071607397985645e-05,
  "Me": 2.822071110131219e-05,
  "arest": 2.788868914649356e-05,
  "ws": 2.6848285415326245e-05,
  "\u043c\u0435": 2.5462097255513072e-05,
  "we": 2.3222139134304598e-05,
  "arness": 2.082699393213261e-05,
  "mp": 2.056512312265113e-05,
  " (": 1.8867334802052937e-05,
  "ma": 1.838406933529768e-05,
  "ception": 1.7575961464899592e-05
}
pre_accept_filter: 40 -> 35
accept_tok hit: 'mean' | continuing...
{
  "or": 0.9660389423370361,
  "our": 0.023335162550210953,
  ",": 0.003640339709818363,
  "ing": 0.002019629580900073,
  "ore": 0.00035161024425178766,
  " and": 0.0003179760533384979,
  " (": 0.00027896041865460575,
  "ed": 0.0002488407480996102,
  "er": 0.00022681118571199477,
  " did": 0.00019354726828169078,
  "-": 0.0001268602500203997,
  "OR": 0.0001237308169947937,
  "ored": 0.00010361143358750269,
  "'": 9.435934771317989e-05,
  "ors": 8.488013554597273e-05,
  " _": 6.350235344143584e-05,
  " was": 6.020154251018539e-05,
  " our": 5.464152854983695e-05,
  " **": 4.917857586406171e-05,
  "\n": 4.434177026269026e-05,
  " |": 3.95590795960743e-05,
  "oring": 3.8198104448383674e-05,
  " \\": 3.604441735660657e-05,
  " had": 3.5472839954309165e-05,
  "(": 3.45950793416705e-05,
  " ,": 3.173596996930428e-05,
  "ure": 3.0402557968045585e-05,
  " [": 3.0156414140947163e-05,
  " sat": 2.5624700356274843e-05,
  " (_": 2.3831060389056802e-05,
  " a": 2.2684196665068157e-05,
  "orr": 1.965621231647674e-05,
  " held": 1.8143551642424427e-05,
  "a": 1.6699057596269995e-05,
  "ou": 1.6321107978001237e-05,
  " looked": 1.6018546375562437e-05,
  "en": 1.570644417370204e-05,
  "oured": 1.5060450095916167e-05,
  "o": 1.4936012121324893e-05,
  "ord": 1.4519715477945283e-05
}
pre_accept_filter: 40 -> 30
accept_tok hit: 'or' | continuing...
{
  ",": 0.22486837208271027,
  " sat": 0.1387096494436264,
  " did": 0.13702461123466492,
  " stood": 0.10987811535596848,
  " sits": 0.04254211112856865,
  " stro": 0.03725360333919525,
  " stands": 0.01728748343884945,
  " (": 0.01647033356130123,
  " and": 0.016223955899477005,
  " s": 0.015958616510033607,
  " _": 0.010485458187758923,
  " on": 0.00921771302819252,
  " in": 0.008832031860947609,
  " held": 0.006885317619889975,
  " so": 0.0067921532317996025,
  " walked": 0.006319931708276272,
  " gr": 0.0059711867943406105,
  " proud": 0.005178396124392748,
  " **": 0.004735423717647791,
  " took": 0.004218108486384153,
  " d": 0.003897756338119507,
  " grand": 0.003279118798673153,
  " there": 0.0032303999178111553,
  " bold": 0.0031887341756373644,
  " does": 0.003067340701818466,
  "\n": 0.0027614161372184753,
  " pres": 0.00267792958766222,
  " ruled": 0.002609865041449666,
  " seated": 0.0024516056291759014,
  " called": 0.002317822305485606,
  " st": 0.0022528995759785175,
  " stern": 0.0020582065917551517,
  " came": 0.0020085994619876146,
  " (_": 0.001995622646063566,
  " re": 0.0019820884335786104,
  " spoke": 0.0018576756119728088,
  " ro": 0.0017529376782476902,
  " walks": 0.0017406127881258726,
  " sh": 0.0016769038047641516,
  " bright": 0.0016627389704808593
}
pre_accept_filter: 40 -> 36
post_accept_filter: 36 -> 34
enc_int: 4 | token: ' stro'
{
  "de": 0.9715754985809326,
  "ve": 0.02539445459842682,
  "ked": 0.0015128441154956818,
  "kes": 0.0006497719441540539,
  "king": 0.00012353261990938336,
  "e": 7.645812002010643e-05,
  "DE": 6.992058479227126e-05,
  "ode": 6.616173050133511e-05,
  "od": 5.950568083790131e-05,
  "k": 5.9471298300195485e-05,
  ",": 5.173494355403818e-05,
  "be": 4.318429637351073e-05,
  "le": 2.002849396376405e-05,
  "des": 1.9682021957123652e-05,
  "ke": 1.6710702766431496e-05,
  "d": 1.398411586706061e-05,
  "\u0434\u0435": 1.0585483323666267e-05,
  "ck": 1.0362433386035264e-05,
  "-": 9.789635441848077e-06,
  "pped": 9.315402166976128e-06,
  "'": 7.76042270445032e-06,
  " de": 7.6138721851748414e-06,
  "re": 7.235578777908813e-06,
  " (": 6.069405571906827e-06,
  " DE": 5.562772003031569e-06,
  "ed": 5.147511728864629e-06,
  "ll": 4.163960966252489e-06,
  "\n": 4.156704108027043e-06,
  "(": 3.4947654512507142e-06,
  "led": 3.379692316229921e-06,
  " ve": 3.3583426102268277e-06,
  "--": 3.0235646590881515e-06,
  "De": 2.770422725006938e-06,
  "ok": 2.7204750949749723e-06,
  "pp": 2.62872572420747e-06,
  "del": 2.4940095499914605e-06,
  "ld": 2.264508793814457e-06,
  "-,": 2.116612222380354e-06,
  "VE": 2.0715538084914442e-06,
  " **": 1.8548774960436276e-06
}
pre_accept_filter: 40 -> 33
accept_tok hit: 'de' | continuing...
{
  ",": 0.7258303165435791,
  " the": 0.08191706240177155,
  " through": 0.058983348309993744,
  " (": 0.03678569942712784,
  "\n": 0.013275842182338238,
  " within": 0.006631337106227875,
  " forth": 0.006615268532186747,
  " on": 0.006115964148193598,
  " in": 0.005685530602931976,
  " along": 0.004314320161938667,
  " before": 0.0039038534741848707,
  " upon": 0.0034438346046954393,
  " so": 0.003009302308782935,
  " to": 0.0028401135932654142,
  ",(": 0.0023110604379326105,
  " with": 0.0016271370695903897,
  " _": 0.001565956394188106,
  " an": 0.0014399104984477162,
  " ,": 0.0012630904093384743,
  " among": 0.0010903795482590795,
  ";": 0.0010893463622778654,
  "  ": 0.0010533244349062443,
  " (_": 0.0010465736268088222,
  " down": 0.0010299766436219215,
  " his": 0.0010039147455245256,
  " and": 0.001001850701868534,
  " into": 0.0006619736668653786,
  " ": 0.0005722728092223406,
  " this": 0.0005615009577013552,
  " amid": 0.000529381213709712,
  " a": 0.0005213647964410484,
  " ahead": 0.0004981729434803128,
  ":": 0.0004906572285108268,
  ",'": 0.000449364393716678,
  "/": 0.00044732957030646503,
  " quite": 0.0004241051501594484,
  " th": 0.00041590421460568905,
  ",_": 0.00041078130016103387,
  " from": 0.00039526986074633896,
  " [": 0.00036303215892985463
}
pre_accept_filter: 40 -> 28
accept_tok hit: ',' | continuing...
{
  "\n": 0.5988391637802124,
  " (": 0.24570919573307037,
  " his": 0.03075576014816761,
  " His": 0.019872168079018593,
  " _": 0.009126889519393444,
  " Through": 0.007625212427228689,
  " through": 0.00738135352730751,
  "  ": 0.007015462964773178,
  " A": 0.005003312602639198,
  " In": 0.003966538701206446,
  " with": 0.0031510568223893642,
  " and": 0.003107344266027212,
  " a": 0.003004838479682803,
  " With": 0.0024400760885328054,
  " in": 0.002170625375583768,
  " And": 0.0021438966505229473,
  " the": 0.0016267468454316258,
  " \\": 0.0016019725007936358,
  " He": 0.0016004409408196807,
  " ": 0.0015662543009966612,
  " (_": 0.0015310931485146284,
  " The": 0.0015177292516455054,
  "Th": 0.0012448233319446445,
  "His": 0.0009202126529999077,
  " as": 0.0008832693565636873,
  " *": 0.000864799483679235,
  " before": 0.0008157749543897808,
  " so": 0.000794096093159169,
  "   ": 0.0007542606326751411,
  " Am": 0.0006182544748298824,
  " he": 0.0006173810106702149,
  " [": 0.000617162324488163,
  " each": 0.0005979674751870334,
  " where": 0.0005867354338988662,
  " \"": 0.0005622621392831206,
  " **": 0.0005404584808275104,
  " Where": 0.0005297607858665287,
  " Before": 0.0004922087537124753,
  " yet": 0.0004602113913279027,
  " amid": 0.00044780696043744683
}
pre_accept_filter: 40 -> 29
accept_tok hit: '\n' | continuing...
{
  "Th": 0.46453914046287537,
  "His": 0.1226508617401123,
  "A": 0.08302685618400574,
  "In": 0.08285876363515854,
  "With": 0.03375302627682686,
  "And": 0.020364893600344658,
  "Where": 0.018239587545394897,
  "Am": 0.01651473343372345,
  "B": 0.015300968661904335,
  "Before": 0.013092180714011192,
  "(": 0.011484052985906601,
  "To": 0.008818767964839935,
  "The": 0.007460738532245159,
  "U": 0.006135403178632259,
  "Each": 0.005671339575201273,
  " Through": 0.004891369491815567,
  "F": 0.004677894059568644,
  "From": 0.003933175932615995,
  "As": 0.003724608803167939,
  "He": 0.002883410081267357,
  "'": 0.002599918283522129,
  "_": 0.0024374572094529867,
  "Down": 0.0018657146720215678,
  "P": 0.0017341534839943051,
  "G": 0.0017186444019898772,
  "But": 0.0016647825250402093,
  "On": 0.0016130948206409812,
  "Cl": 0.0014976919628679752,
  "S": 0.0013515831669792533,
  " His": 0.0013361284509301186,
  "M": 0.0011888080043718219,
  "An": 0.0011807462433353066,
  "Gr": 0.0011716046137735248,
  "Al": 0.0011246384819969535,
  "  ": 0.0010976488701999187,
  "Wh": 0.0010708229383453727,
  "\"": 0.0010504168458282948,
  "T": 0.0010176349896937609,
  "While": 0.0009948979131877422,
  "D": 0.0009494966943748295
}
pre_accept_filter: 40 -> 35
post_accept_filter: 35 -> 35
enc_int: 10 | token: 'To'
{
  " gre": 0.2625872790813446,
  " meet": 0.07886593043804169,
  " view": 0.05781731382012367,
  " his": 0.046531300991773605,
  " qu": 0.03100031241774559,
  " right": 0.027323368936777115,
  " the": 0.025115594267845154,
  " see": 0.024604223668575287,
  " h": 0.017004376277327538,
  " witness": 0.015233788639307022,
  " seek": 0.013930629007518291,
  " where": 0.013902995735406876,
  " claim": 0.013337496668100357,
  " court": 0.011279428377747536,
  " address": 0.009440490044653416,
  " face": 0.009334839880466461,
  " hear": 0.00833356287330389,
  " pay": 0.007932202890515327,
  " grant": 0.0072855898179113865,
  " honor": 0.007278186269104481,
  " gaze": 0.007248366717249155,
  " so": 0.006861661095172167,
  " fields": 0.0065403589978814125,
  " find": 0.0062810322269797325,
  " gather": 0.005671809893101454,
  " welcome": 0.005449946038424969,
  " m": 0.005147396586835384,
  " crown": 0.005039592273533344,
  " rule": 0.004444507881999016,
  " city": 0.0044187987223267555,
  " every": 0.00424107164144516,
  " council": 0.004030962474644184,
  " town": 0.003936620429158211,
  " praise": 0.0035486340057104826,
  " p": 0.0031133953016251326,
  " forest": 0.00254629272967577,
  " courts": 0.0024391429033130407,
  " visit": 0.002425811253488064,
  " lands": 0.0023641211446374655,
  " survey": 0.0019961888901889324
}
pre_accept_filter: 40 -> 40
post_accept_filter: 40 -> 40
enc_int: 15 | token: ' face'
{
  " his": 0.4604543149471283,
  " the": 0.4145980179309845,
  " a": 0.05823887884616852,
  " this": 0.011726206168532372,
  " His": 0.009061275981366634,
  " an": 0.00797943864017725,
  ",": 0.005280427634716034,
  " our": 0.002718748291954398,
  " that": 0.001825669314712286,
  " (": 0.0015976615250110626,
  " advers": 0.0010064258240163326,
  " _": 0.0009933478431776166,
  " rebell": 0.0009220072533935308,
  " im": 0.00078448565909639,
  " those": 0.0007684665615670383,
  " us": 0.0007496863254345953,
  " un": 0.0006982075865380466,
  " th": 0.0006423415034078062,
  " in": 0.0006076599238440394,
  " each": 0.0005588860949501395,
  " these": 0.000511599937453866,
  " such": 0.0004370888927951455,
  " defeat": 0.00043390379869379103,
  " what": 0.00037133460864424706,
  " him": 0.0003691950987558812,
  " my": 0.0003118288004770875,
  " me": 0.00030437647365033627,
  " betray": 0.00027479298296384513,
  " great": 0.00027302041416987777,
  " thy": 0.0002713733119890094,
  " fierce": 0.00025976941105909646,
  " new": 0.0002593901299405843,
  " and": 0.0002494958753231913,
  " The": 0.00024357550137210637,
  " bet": 0.00024194356228690594,
  " ins": 0.00024026160826906562,
  " dis": 0.0002371795562794432,
  " with": 0.0002328382252017036,
  " reb": 0.00021792507322970778,
  " both": 0.00020417803898453712
}
pre_accept_filter: 40 -> 38
post_accept_filter: 38 -> 37
enc_int: 15 | token: ' in'
{
  " battle": 0.3592849373817444,
  "just": 0.13706909120082855,
  " council": 0.05397006869316101,
  " war": 0.04037398472428322,
  " court": 0.03248261287808418,
  " public": 0.015447573736310005,
  " f": 0.01328230556100607,
  "quis": 0.013259854167699814,
  " so": 0.0119551420211792,
  " open": 0.009995194151997566,
  " stern": 0.007650487590581179,
  " judgment": 0.007545257452875376,
  " state": 0.00647860299795866,
  " anger": 0.004908238537609577,
  " battles": 0.0048921857960522175,
  " fierce": 0.004288429394364357,
  " h": 0.004010050557553768,
  "qu": 0.00398793863132596,
  "tract": 0.003888546722009778,
  " courts": 0.0034605904947966337,
  " justice": 0.0034171631559729576,
  " combat": 0.0034137950278818607,
  "iqu": 0.0033138415310531855,
  " grave": 0.003105548908933997,
  " som": 0.0028148728888481855,
  " counsel": 0.00267391768284142,
  " fe": 0.0025303736329078674,
  " a": 0.002488890662789345,
  " fields": 0.0024693147279322147,
  " Congress": 0.002404597820714116,
  " w": 0.002403378253802657,
  " triumph": 0.0023994368966668844,
  " field": 0.0022116582840681076,
  " spl": 0.0021369503811001778,
  " palace": 0.0021277708001434803,
  " quiet": 0.0020837844349443913,
  " silence": 0.00200227671302855,
  "quiry": 0.0018531900132074952,
  "cess": 0.0018377637024968863,
  " front": 0.0017985181184485555
}
pre_accept_filter: 40 -> 40
post_accept_filter: 40 -> 40
enc_int: 15 | token: ' fierce'
{
  " debate": 0.15583254396915436,
  " confront": 0.10719186067581177,
  " contest": 0.0844990685582161,
  " and": 0.05603683367371559,
  " def": 0.04934341460466385,
  " resolve": 0.04371442645788193,
  " cont": 0.04055206850171089,
  " battle": 0.028786178678274155,
  " encounter": 0.026972414925694466,
  " array": 0.02359059825539589,
  " opposition": 0.02357395738363266,
  " dis": 0.02269046939909458,
  ",": 0.02033853903412819,
  " defense": 0.01853157766163349,
  " dispute": 0.01760808378458023,
  " determination": 0.011301858350634575,
  " embrace": 0.010865222662687302,
  " the": 0.008839329704642296,
  " resistance": 0.008466816507279873,
  " combat": 0.008401175029575825,
  " rebell": 0.007597367744892836,
  " his": 0.0072889262810349464,
  " intent": 0.007163777016103268,
  " display": 0.006675967946648598,
  " assault": 0.006077152211219072,
  " defeat": 0.0060668219812214375,
  " pursuit": 0.0046318331733345985,
  " un": 0.0041182273998856544,
  " assembly": 0.0040643722750246525,
  " engagement": 0.004043807275593281,
  " despair": 0.0036984900943934917,
  " advers": 0.003563930047675967,
  " disput": 0.003216839162632823,
  " conflict": 0.0027579921297729015,
  " en": 0.00264520151540637,
  " re": 0.002344640903174877,
  " res": 0.002317671896889806,
  " disc": 0.0021793930791318417,
  " deb": 0.0021683720406144857,
  " attack": 0.002166162710636854
}
pre_accept_filter: 40 -> 40
post_accept_filter: 40 -> 39
enc_int: 8 | token: ' encounter'
{
  " his": 0.4057134985923767,
  " the": 0.28179624676704407,
  ",": 0.1730562001466751,
  " a": 0.03323632851243019,
  " this": 0.0189330093562603,
  " an": 0.007233395706862211,
  " and": 0.005056712310761213,
  " of": 0.0050443620420992374,
  " f": 0.00444509694352746,
  " dread": 0.0039019978139549494,
  " His": 0.003888472681865096,
  " with": 0.003618383314460516,
  " each": 0.002803840208798647,
  "\n": 0.0018662814982235432,
  " fierce": 0.001723754103295505,
  " array": 0.0015461752191185951,
  " _": 0.0015143458731472492,
  " those": 0.0014543322613462806,
  " un": 0.0014014060143381357,
  " so": 0.0013763171155005693,
  " bold": 0.0012267788406461477,
  " that": 0.0011774352751672268,
  " (": 0.0010570245794951916,
  " im": 0.0008916319347918034,
  " dire": 0.0008903408888727427,
  " he": 0.0008759218617342412,
  " our": 0.0007697347900830209,
  " ahead": 0.000682380807120353,
  " today": 0.0006463504396378994,
  " ab": 0.0006404208834283054,
  "'": 0.0005857351934537292,
  " await": 0.0005482987035065889,
  " re": 0.00045205792412161827,
  " long": 0.0004312051460146904,
  " all": 0.000418022827943787,
  " once": 0.000415348302340135,
  " The": 0.00038789480458945036,
  " vast": 0.000383646140107885,
  " at": 0.00037750453338958323,
  " war": 0.0003696846542879939
}
pre_accept_filter: 40 -> 37
post_accept_filter: 37 -> 35
enc_int: 3 | token: ' this'
{
  " f": 0.7796435356140137,
  " dread": 0.053470924496650696,
  " day": 0.01618371717631817,
  ",": 0.007046299520879984,
  " proud": 0.00696353055536747,
  " pride": 0.006105280015617609,
  " hor": 0.005778423044830561,
  " v": 0.004908748436719179,
  " fo": 0.0048227147199213505,
  " tide": 0.00423793401569128,
  " dire": 0.004159176722168922,
  " odd": 0.0037703251000493765,
  " beast": 0.003460504813119769,
  " foul": 0.0034110289998352528,
  " might": 0.0031254589557647705,
  " fierce": 0.0030408070888370275,
  " night": 0.002586321672424674,
  " ab": 0.0025497479364275932,
  " war": 0.0023620883002877235,
  " enemy": 0.0023285653442144394,
  " fear": 0.001946801319718361,
  " god": 0.0018349966267123818,
  " bold": 0.0017492887564003468,
  " w": 0.0017226432682946324,
  " strange": 0.0016528416890650988,
  " great": 0.00162499921862036,
  " cruel": 0.0016005118377506733,
  " trait": 0.0015152583364397287,
  " un": 0.001455367193557322,
  " unknown": 0.0014115478843450546,
  " ho": 0.0013874536380171776,
  " new": 0.0012536380672827363,
  " vast": 0.0009798248065635562,
  " most": 0.0009453854872845113,
  " dark": 0.000853551784530282,
  " (": 0.0008068858878687024,
  " fi": 0.0007930501597002149,
  " m": 0.000765193544793874,
  " fate": 0.0007156804786063731,
  " threat": 0.0007128668366931379
}
pre_accept_filter: 40 -> 39
accept_tok hit: ' f' | continuing...
{
  "oe": 0.9925885796546936,
  "ray": 0.006355989258736372,
  "oes": 0.000316814606776461,
  "rayed": 0.00019806588534265757,
  "oy": 9.956510621123016e-05,
  "ied": 8.187488128896803e-05,
  "ated": 2.9993274438311346e-05,
  "ate": 2.9097824153723195e-05,
  "od": 2.5754718080861494e-05,
  "ateful": 2.0377936380100437e-05,
  "oid": 1.2741148566419724e-05,
  "eline": 1.1677493603201583e-05,
  "ren": 9.366714948555455e-06,
  "action": 8.807542144495528e-06,
  "ode": 8.462799087283202e-06,
  "oud": 5.8174618970952e-06,
  "ete": 5.661706836690428e-06,
  "ox": 5.370337930798996e-06,
  "oad": 5.3687144827563316e-06,
  "ad": 5.17942544320249e-06,
  "ared": 5.155209692020435e-06,
  "anged": 4.4696048462355975e-06,
  "ay": 4.034025096188998e-06,
  "ow": 3.976038442488061e-06,
  "ury": 3.5331290746398736e-06,
  "abled": 3.3474036627012538e-06,
  "ued": 3.3332757993775886e-06,
  "aux": 2.900419531215448e-06,
  "rown": 2.887522441596957e-06,
  "oll": 2.7829794362332905e-06,
  "anned": 2.6688821890274994e-06,
  "roe": 2.4727723939577118e-06,
  "roy": 2.4659807422722224e-06,
  "end": 2.460683390381746e-06,
  "eld": 2.4483006200171076e-06,
  "ide": 2.330528104721452e-06,
  "ret": 2.2616382011619862e-06,
  "ry": 2.2211347641132306e-06,
  "roid": 2.038227876255405e-06,
  "ould": 2.0378079170768615e-06
}
pre_accept_filter: 40 -> 40
accept_tok hit: 'oe' | continuing...
{
  ",": 0.8703319430351257,
  ";": 0.045019034296274185,
  ".": 0.03086833283305168,
  "\n": 0.010521880351006985,
  ":": 0.007859545759856701,
  " so": 0.006021125707775354,
  " (": 0.00494467793032527,
  " dread": 0.0026620710268616676,
  "-": 0.002618735656142235,
  "'": 0.001937823137268424,
  " bold": 0.001784901600331068,
  "\u2014": 0.0010977525962516665,
  "--": 0.000907538051251322,
  " f": 0.0005077355308458209,
  "---": 0.00044557711225934327,
  " of": 0.0003535458236001432,
  " who": 0.00034244495327584445,
  "(": 0.00032304812339134514,
  " un": 0.00029150836053304374,
  " -": 0.0002518570690881461,
  "...": 0.00023608033370692283,
  " whole": 0.00023572756617795676,
  " most": 0.00023061859246809036,
  "\u2019": 0.00019221147522330284,
  " in": 0.00018596295558381826,
  " with": 0.0001748809008859098,
  " ab": 0.00017151689098682255,
  ",(": 0.0001700228312984109,
  " --": 0.00016591866733506322,
  " ,": 0.00013635854702442884,
  " that": 0.0001277153060073033,
  " .": 0.00012166777742095292,
  " he": 0.00010686361929401755,
  " abroad": 0.00010540620132815093,
  ",-": 0.0001023729782900773,
  " [": 9.893528476823121e-05,
  " great": 8.775141759542748e-05,
  " divine": 8.25121533125639e-05,
  " long": 8.239694579970092e-05,
  " well": 8.135781536111608e-05
}
pre_accept_filter: 40 -> 23
accept_tok hit: ',' | continuing...
{
  "\n": 0.9692069292068481,
  " (": 0.026259608566761017,
  " _": 0.000492856721393764,
  "  ": 0.00032708936487324536,
  " ": 0.0002797564666252583,
  " whose": 0.00023998315737117082,
  " who": 0.0002158630231861025,
  " his": 0.00017689037485979497,
  " (_": 0.00017450870655011386,
  " [": 0.0001590455649420619,
  " *": 0.00013882352504879236,
  " His": 0.0001331148378085345,
  " he": 0.00010946336260531098,
  "--": 7.434784492943436e-05,
  "...": 6.131203554105014e-05,
  " (*": 5.5466713092755526e-05,
  " Wh": 5.174707985133864e-05,
  " *(": 4.6080054744379595e-05,
  " with": 4.524052928900346e-05,
  " Who": 4.491801519179717e-05,
  " He": 4.34821740782354e-05,
  " so": 4.190398249193095e-05,
  "   ": 3.941627801395953e-05,
  "---": 3.8446069083875045e-05,
  " **": 3.837193435174413e-05,
  "                ": 3.715363345691003e-05,
  " a": 3.510778333293274e-05,
  " \\": 3.3609136153245345e-05,
  " -": 3.320469113532454e-05,
  " .": 3.234052564948797e-05,
  " \"": 2.932363895524759e-05,
  " A": 2.91987325908849e-05,
  " --": 2.4295732146129012e-05,
  " _(": 2.2947104298509657e-05,
  "\u2014": 2.2745763999409974e-05,
  "(": 2.1425845261546783e-05,
  " yet": 2.0210660295560956e-05,
  " that": 2.004704947466962e-05,
  " (\"": 1.8239612472825684e-05,
  "His": 1.7836337065091357e-05
}
pre_accept_filter: 40 -> 16
accept_tok hit: '\n' | continuing...
{
  "His": 0.21975748240947723,
  "Wh": 0.19161483645439148,
  "With": 0.10247193276882172,
  "A": 0.08136853575706482,
  "Th": 0.04937491938471794,
  "Who": 0.04546800255775452,
  "He": 0.04311615601181984,
  "The": 0.03906220197677612,
  "In": 0.027462389320135117,
  "But": 0.014606086537241936,
  "And": 0.013098856434226036,
  "Where": 0.01189117506146431,
  "Before": 0.010617412626743317,
  "That": 0.008253627456724644,
  "B": 0.007443586364388466,
  "No": 0.007214467506855726,
  "F": 0.006668697576969862,
  "U": 0.0051390849985182285,
  "Am": 0.004454265348613262,
  "Which": 0.003962366376072168,
  "As": 0.003935931716114283,
  "Ag": 0.00381455197930336,
  "M": 0.003552177920937538,
  "Each": 0.0032492983154952526,
  "An": 0.0030468751210719347,
  "(": 0.002952544018626213,
  "Ar": 0.0027831762563437223,
  "G": 0.0025784471072256565,
  "Y": 0.002486656652763486,
  "For": 0.002084840787574649,
  "Cl": 0.0019563930109143257,
  "Ad": 0.0018539385637268424,
  "This": 0.0018483934691175818,
  "En": 0.001729952055029571,
  "Of": 0.0016346430638805032,
  "From": 0.0015665731625631452,
  "To": 0.0014843110693618655,
  "On": 0.0014797430485486984,
  "C": 0.001444356981664896,
  "When": 0.001412699930369854
}
pre_accept_filter: 40 -> 39
post_accept_filter: 39 -> 39
enc_int: 11 | token: 'Where'
{
  "in": 0.08563100546598434,
  " battle": 0.060803238302469254,
  "'": 0.049466777592897415,
  "on": 0.02995508350431919,
  " battles": 0.028575681149959564,
  " in": 0.027216628193855286,
  " once": 0.02254617027938366,
  " f": 0.020132269710302353,
  " now": 0.015764880925416946,
  " ancient": 0.01509893499314785,
  ",": 0.014910324476659298,
  " sw": 0.01479566004127264,
  " shadows": 0.01337870117276907,
  " fierce": 0.012458755634725094,
  " steel": 0.012062128633260727,
  " lay": 0.010548640042543411,
  "up": 0.010307736694812775,
  " lies": 0.008732728660106659,
  " fields": 0.008710612542927265,
  " on": 0.007939745672047138,
  " stood": 0.007509947754442692,
  " mort": 0.00732529116794467,
  " blood": 0.006770336534827948,
  " dark": 0.006623765919357538,
  " many": 0.006300800479948521,
  " cl": 0.006272696424275637,
  " g": 0.006038664374500513,
  " bitter": 0.006034453399479389,
  " tre": 0.005529424641281366,
  " shield": 0.005490354262292385,
  " ste": 0.005437678191810846,
  " v": 0.005224450957030058,
  " lo": 0.004861427471041679,
  " val": 0.004676205571740866,
  " batt": 0.004641151521354914,
  "as": 0.00462466711178422,
  " victory": 0.004576447419822216,
  " e": 0.004479957744479179,
  " valor": 0.004440870136022568,
  " countless": 0.004438473377376795
}
pre_accept_filter: 40 -> 39
post_accept_filter: 39 -> 38
enc_int: 15 | token: ' lies'
{
  " the": 0.4404726028442383,
  " his": 0.31384438276290894,
  " our": 0.08039531111717224,
  " a": 0.05026693642139435,
  " in": 0.03397412225604057,
  ",": 0.01652858406305313,
  " thy": 0.0064948853105306625,
  " before": 0.004676229786127806,
  " this": 0.0039980448782444,
  " within": 0.003625032026320696,
  " and": 0.003615854773670435,
  " that": 0.0026900647208094597,
  " their": 0.002688653999939561,
  " beneath": 0.0023578638210892677,
  " he": 0.0017587817274034023,
  " an": 0.001741493702866137,
  " defeat": 0.0015492577804252505,
  " beyond": 0.0013261315179988742,
  " amid": 0.0011565968161448836,
  " (": 0.0009218991617672145,
  " _": 0.0009004424791783094,
  " now": 0.0007454931037500501,
  " my": 0.0007325528422370553,
  " await": 0.0006017970736138523,
  " un": 0.0005998094566166401,
  " to": 0.0005927832680754364,
  " upon": 0.0005525394808501005,
  " '": 0.0005032315966673195,
  " defeated": 0.0004952740855515003,
  " ahead": 0.0004603475099429488,
  " your": 0.0003886049671564251,
  " with": 0.000383215956389904,
  " so": 0.00038113989285193384,
  " th": 0.00037316320231184363,
  " on": 0.00036139809526503086,
  " His": 0.000293602526653558,
  " at": 0.000286310154478997,
  " bet": 0.0002567094343248755,
  " such": 0.0002562337031122297,
  " **": 0.00025218131486326456
}
pre_accept_filter: 40 -> 36
post_accept_filter: 36 -> 35
enc_int: 0 | token: ' the'
{
  " battle": 0.2548454701900482,
  " trait": 0.055527880787849426,
  " heart": 0.03885294124484062,
  " path": 0.03504050150513649,
  " strength": 0.029658392071723938,
  " land": 0.028225494548678398,
  " field": 0.027720797806978226,
  " honor": 0.02121037431061268,
  " enemy": 0.019648632034659386,
  " threat": 0.01867534965276718,
  " secret": 0.017513161525130272,
  " truth": 0.016263488680124283,
  " fate": 0.014094260521233082,
  " f": 0.013860526494681835,
  " ground": 0.00931935291737318,
  " tre": 0.009050216525793076,
  " line": 0.008708655834197998,
  " batt": 0.008396970108151436,
  " valor": 0.008221743628382683,
  " future": 0.00742645189166069,
  " hidden": 0.007254861295223236,
  " danger": 0.007171084173023701,
  " per": 0.007021158933639526,
  " challenge": 0.006702805869281292,
  " ancient": 0.006279870867729187,
  " dark": 0.005933697801083326,
  " fort": 0.005864372476935387,
  " courage": 0.005693129263818264,
  " valley": 0.005494608078151941,
  " key": 0.0050316061824560165,
  " noble": 0.004915724042803049,
  " source": 0.004856980871409178,
  " power": 0.0046805115416646,
  " vict": 0.0042432076297700405,
  " realm": 0.00424073776230216,
  " victory": 0.004128030501306057,
  " w": 0.0036332658492028713,
  " wisdom": 0.0032063445542007685,
  " ser": 0.003190874122083187,
  " loyalty": 0.003169859992340207
}
pre_accept_filter: 40 -> 40
post_accept_filter: 40 -> 40
enc_int: 2 | token: ' heart'
{
  " of": 0.46150141954421997,
  ",": 0.21662753820419312,
  " that": 0.18677721917629242,
  " in": 0.03035171888768673,
  " within": 0.018040943890810013,
  " and": 0.01792449876666069,
  " where": 0.01603146269917488,
  " this": 0.007296315394341946,
  " his": 0.0041406648233532906,
  " so": 0.0037432732060551643,
  " which": 0.0033427400048822165,
  " to": 0.0030473084188997746,
  "less": 0.00200792052783072,
  " beneath": 0.0017226424533873796,
  " the": 0.0013584092957898974,
  " both": 0.0012030983343720436,
  " _": 0.0011055865325033665,
  " (": 0.0010701395804062486,
  "'": 0.0010035901796072721,
  " now": 0.001001761993393302,
  " for": 0.0009699803194962442,
  " with": 0.0008755573071539402,
  "-": 0.0008752509602345526,
  "?": 0.0008152636582963169,
  " he": 0.0007146070129238069,
  " o": 0.0007112639141269028,
  "land": 0.0006147304666228592,
  " whose": 0.0005563988233916461,
  " through": 0.0005510071641765535,
  " on": 0.0005205541965551674,
  ";": 0.0004669999470934272,
  " deep": 0.0004517545166891068,
  "\u2014": 0.000444499688455835,
  " upon": 0.00044393265852704644,
  "y": 0.0004246063472237438,
  ":": 0.0003404179878998548,
  " a": 0.0003296098147984594,
  " wherein": 0.0003045503981411457,
  " '": 0.0003001446311827749,
  "--": 0.0002488034951966256
}
pre_accept_filter: 40 -> 30
post_accept_filter: 30 -> 29
enc_int: 4 | token: ' and'
{
  " mind": 0.11228056997060776,
  " courage": 0.10553549230098724,
  " s": 0.07677467912435532,
  " strength": 0.06484705954790115,
  " soul": 0.062321070581674576,
  " will": 0.051492735743522644,
  " fierce": 0.02635429985821247,
  " where": 0.022206706926226616,
  " hidden": 0.021334994584321976,
  " what": 0.017686238512396812,
  " head": 0.014498689211905003,
  " spirit": 0.013225175440311432,
  " val": 0.012799065560102463,
  " might": 0.01118302159011364,
  " ste": 0.010474003851413727,
  " gall": 0.009973076172173023,
  " fier": 0.009343674406409264,
  " noble": 0.008959677070379257,
  " met": 0.008858317509293556,
  " reason": 0.008433492854237556,
  " gr": 0.006780762225389481,
  " steel": 0.0063358391635119915,
  " when": 0.006008156109601259,
  " valor": 0.005858788266777992,
  " f": 0.0056317574344575405,
  " w": 0.005630291532725096,
  " nerve": 0.005605517420917749,
  " pride": 0.00507520604878664,
  " secret": 0.004894276615232229,
  " tre": 0.004595393780618906,
  " source": 0.004151991568505764,
  " un": 0.004110317211598158,
  " bitter": 0.004055308178067207,
  " c": 0.0039497483521699905,
  " depth": 0.0038048382848501205,
  " minds": 0.003636912675574422,
  " the": 0.003608307335525751,
  " passion": 0.0035176121164113283,
  " quiet": 0.0034623497631400824,
  " brain": 0.0033567436039447784
}
pre_accept_filter: 40 -> 40
post_accept_filter: 40 -> 40
enc_int: 13 | token: ' might'
{
  "y": 0.4849642217159271,
  " of": 0.35843926668167114,
  " to": 0.05176099017262459,
  " ab": 0.01877763494849205,
  ",": 0.017023872584104538,
  " in": 0.008967554196715355,
  " be": 0.004096927121281624,
  " res": 0.0038433666341006756,
  " unt": 0.003810846945270896,
  " he": 0.002495525171980262,
  " unknown": 0.0024557323195040226,
  "iest": 0.002258928958326578,
  " conce": 0.0021996672730892897,
  " un": 0.001862522680312395,
  " that": 0.0015618876786902547,
  " and": 0.0012785674771293998,
  " so": 0.00101641530636698,
  "\n": 0.0008500257972627878,
  " we": 0.0007703182054683566,
  " a": 0.0007469042902812362,
  " best": 0.0006807087338529527,
  " re": 0.0006758380332030356,
  " once": 0.0006444381433539093,
  "?": 0.0006268516881391406,
  " (": 0.0006138704484328628,
  " his": 0.0005426834686659276,
  " en": 0.0005329788546077907,
  " sub": 0.0005106652388349175,
  " _": 0.00045923201832920313,
  " displayed": 0.000435217545600608,
  " with": 0.0004030585696455091,
  ":": 0.0003915019624400884,
  "ful": 0.0003894220863003284,
  " inc": 0.0003885775513481349,
  " alone": 0.0003769791219383478,
  " within": 0.00037000031443312764,
  " profound": 0.0003014814865309745,
  " now": 0.0003008848871104419,
  " o": 0.0002824636176228523,
  " ent": 0.0002722009376157075
}
pre_accept_filter: 40 -> 36
post_accept_filter: 36 -> 34
enc_int: 14 | token: ' and'
{
  " code": 0.3921869993209839,
  " pride": 0.32381126284599304,
  " courage": 0.09771526604890823,
  " bro": 0.017593538388609886,
  " strength": 0.01355659868568182,
  " c": 0.01081752311438322,
  " blood": 0.009042128920555115,
  " s": 0.008655470795929432,
  " bold": 0.007737757638096809,
  " power": 0.007003961130976677,
  " god": 0.004406975116580725,
  " might": 0.0037348901387304068,
  " o": 0.0035565912257879972,
  " soul": 0.0023533159401267767,
  " hide": 0.0023471731692552567,
  " gu": 0.002175035886466503,
  " gold": 0.0020845583640038967,
  " dread": 0.001997848507016897,
  " force": 0.0019057642202824354,
  " nerve": 0.0018682448426261544,
  " g": 0.0017511722398921847,
  " pr": 0.001658323802985251,
  "code": 0.0015041125006973743,
  " w": 0.0014701330801472068,
  " load": 0.0014308730605989695,
  " head": 0.001261156052350998,
  " road": 0.0012567354133352637,
  " proud": 0.0012095753336325288,
  " codes": 0.0011889684246852994,
  " ro": 0.001170359319075942,
  " ab": 0.0011148632038384676,
  " honor": 0.0010815015994012356,
  " b": 0.001072934828698635,
  " _": 0.000983558944426477,
  " heart": 0.0009450538200326264,
  " the": 0.0009145212243311107,
  " Code": 0.0008631537202745676,
  " pl": 0.0008575337706133723,
  " h": 0.0008394831675104797,
  " tone": 0.0008302743663080037
}
pre_accept_filter: 40 -> 39
post_accept_filter: 39 -> 39
enc_int: 8 | token: ' bold'
{
  ",": 0.7913092970848083,
  "ness": 0.07204584777355194,
  "\n": 0.06802460551261902,
  "?": 0.027406401932239532,
  ";": 0.013081764802336693,
  ":": 0.005938309244811535,
  ".": 0.0035201236605644226,
  "-": 0.0031527176033705473,
  " (": 0.0028455713763833046,
  "\u2014": 0.0016239761607721448,
  "est": 0.0014639352448284626,
  "--": 0.0013353647664189339,
  " pride": 0.0007401739130727947,
  " heart": 0.0003370802151039243,
  "...": 0.00027481711003929377,
  ",-": 0.00023991608759388328,
  "?,": 0.00023608392802998424,
  "\u2013": 0.00020248984219506383,
  " -": 0.00019631099712569267,
  "\u2026": 0.00015213042206596583,
  "itude": 0.00015066795458551496,
  "---": 0.00014830220607109368,
  "nes": 0.00013894510630052537,
  " courage": 0.0001262990408577025,
  "(": 0.00011612431990215555,
  "ess": 0.00011432866449467838,
  " [": 9.764381684362888e-05,
  " --": 9.493224206380546e-05,
  " \u2014": 9.404993761563674e-05,
  " ?": 9.229982970282435e-05,
  "heart": 9.215338650392368e-05,
  " .": 8.958292164606974e-05,
  " soul": 8.629626972833648e-05,
  " strength": 8.370241994271055e-05,
  " ": 7.466461102012545e-05,
  "en": 6.9555921072606e-05,
  " ,": 6.952130206627771e-05,
  " \u2013": 6.804354779887944e-05,
  " resolve": 6.296618812484667e-05,
  " ab": 5.904857243876904e-05
}
pre_accept_filter: 40 -> 18
accept_tok hit: ',' | continuing...
{
  "\n": 0.9849953651428223,
  " (": 0.01396863628178835,
  " _": 0.0001438258186681196,
  "  ": 0.00013859466707799584,
  " (_": 9.523901098873466e-05,
  " ": 7.243736763484776e-05,
  "                ": 6.830223719589412e-05,
  "   ": 3.53817522409372e-05,
  " *": 2.8068661777069792e-05,
  " (*": 2.5842455215752125e-05,
  " [": 2.2804342734161764e-05,
  "...": 2.1634290533256717e-05,
  " **": 1.9780867660301737e-05,
  "--": 1.4016800378158223e-05,
  " .": 1.3474787920131348e-05,
  "     ": 1.2635355233214796e-05,
  "\u2014": 1.1115963388874661e-05,
  " of": 9.020870493259281e-06,
  "    ": 8.999663805298042e-06,
  "      ": 6.719872089888668e-06,
  "        ": 6.5929284573940095e-06,
  "       ": 6.449410193454241e-06,
  " (\"": 6.421031685022172e-06,
  " this": 5.960685939498944e-06,
  "?": 5.939265520282788e-06,
  " *(": 5.727390544052469e-06,
  " -": 5.6553876675025094e-06,
  "              ": 5.336921731213806e-06,
  " ()": 4.66185429104371e-06,
  "The": 4.55127928944421e-06,
  " The": 4.531235845206538e-06,
  " \\": 4.5163951654103585e-06,
  " where": 4.446616458153585e-06,
  "---": 4.444369551492855e-06,
  "Of": 4.4330122364044655e-06,
  " Of": 4.4235398490855005e-06,
  " {": 4.251513018971309e-06,
  "(": 3.607052803999977e-06,
  " In": 3.4369504646747373e-06,
  " \"": 3.4366062209301163e-06
}
pre_accept_filter: 40 -> 9
accept_tok hit: '\n' | continuing...
{
  "Of": 0.17707866430282593,
  "The": 0.14265070855617523,
  "In": 0.09635738283395767,
  "With": 0.07563603669404984,
  "This": 0.06907360255718231,
  "That": 0.06669334322214127,
  "His": 0.060766685754060745,
  "To": 0.04921477288007736,
  "A": 0.04029112309217453,
  "\n": 0.022554565221071243,
  "Where": 0.021795604377985,
  "And": 0.019737238064408302,
  "Th": 0.015114906243979931,
  "He": 0.01240495964884758,
  "What": 0.011554327793419361,
  "No": 0.005701878108084202,
  "These": 0.005106769036501646,
  "Our": 0.004962317179888487,
  "Det": 0.004660554695874453,
  "Which": 0.004584192298352718,
  "F": 0.004403843078762293,
  "En": 0.003647350473329425,
  "(": 0.003554839640855789,
  "Wh": 0.0030571804381906986,
  "Now": 0.002789190737530589,
  "Who": 0.002436418319121003,
  "B": 0.002366810105741024,
  "Each": 0.0023106869775801897,
  "An": 0.0021391974296420813,
  "When": 0.0021007326431572437,
  "Ag": 0.002066673245280981,
  "For": 0.0020048273727297783,
  "Before": 0.0016411308897659183,
  "My": 0.0015715193003416061,
  "But": 0.001463653868995607,
  "**": 0.0014306403463706374,
  "_": 0.0013863015919923782,
  "C": 0.0013634860515594482,
  "Br": 0.0012758062221109867,
  "'": 0.0012501912424340844
}
pre_accept_filter: 40 -> 36
post_accept_filter: 36 -> 35
enc_int: 12 | token: 'He'
{
  " sought": 0.1971956491470337,
  " asked": 0.06857778131961823,
  " raised": 0.04086995869874954,
  " v": 0.03739220276474953,
  " knew": 0.03229529783129692,
  " p": 0.02980032190680504,
  " called": 0.02976127341389656,
  " stood": 0.025491755455732346,
  " questioned": 0.021555202081799507,
  " br": 0.021458350121974945,
  " challenged": 0.020063433796167374,
  " held": 0.01743955910205841,
  ",": 0.01539863832294941,
  " pl": 0.013659191317856312,
  " w": 0.013653995469212532,
  "'": 0.011002307757735252,
  " cried": 0.010331415571272373,
  " must": 0.010026689618825912,
  " searched": 0.009352714754641056,
  " read": 0.00844909530133009,
  " thought": 0.007302228361368179,
  " sp": 0.007213652599602938,
  " drew": 0.006987405475229025,
  " summon": 0.006735589355230331,
  " led": 0.00629691407084465,
  " spoke": 0.006085939239710569,
  " sw": 0.005906918551772833,
  " found": 0.0057037207297980785,
  " felt": 0.005562479142099619,
  "art": 0.005353017244488001,
  " vent": 0.005084609612822533,
  " stepped": 0.005003923550248146,
  " would": 0.004833954852074385,
  "ed": 0.004761380609124899,
  " saw": 0.004716004244983196,
  " wondered": 0.004584008827805519,
  " in": 0.004517379216849804,
  " mar": 0.004489863757044077,
  " gaz": 0.004274189937859774,
  " charged": 0.004112036433070898
}
pre_accept_filter: 40 -> 39
post_accept_filter: 39 -> 38
enc_int: 10 | token: ' challenged'
{
  ",": 0.37008488178253174,
  " with": 0.18530088663101196,
  " in": 0.05286305397748947,
  " them": 0.04158943146467209,
  " the": 0.03502007573843002,
  " to": 0.03365744650363922,
  " him": 0.029822513461112976,
  " all": 0.02139754593372345,
  " forth": 0.0207551009953022,
  " on": 0.018345506861805916,
  " through": 0.012284201569855213,
  " not": 0.010601203888654709,
  " and": 0.01056678406894207,
  " his": 0.006687510758638382,
  ":": 0.005777582060545683,
  " ere": 0.005463483743369579,
  " fate": 0.004777343478053808,
  " as": 0.004579746164381504,
  " dark": 0.004475943278521299,
  " '": 0.004146418534219265,
  ";": 0.0039316751062870026,
  " deep": 0.0035139811225235462,
  " death": 0.0034977933391928673,
  " darkness": 0.002804496791213751,
  "--": 0.0023966203443706036,
  " \"": 0.0021247940603643656,
  "\u2014": 0.002098861150443554,
  " their": 0.0020046858116984367,
  "-": 0.0019691174384206533,
  " those": 0.001954908249899745,
  " swift": 0.0018155331490561366,
  " this": 0.0017687553772702813,
  " bold": 0.0017468513688072562,
  " fierce": 0.0016212949994951487,
  " at": 0.0015733647160232067,
  " for": 0.001532906200736761,
  " brave": 0.001531702815555036,
  " courage": 0.0014441179810091853,
  " dest": 0.0013884000945836306,
  " war": 0.001340204500593245
}
pre_accept_filter: 40 -> 33
post_accept_filter: 33 -> 32
enc_int: 13 | token: ' ere'
{
  " the": 0.8915457129478455,
  " his": 0.02776254713535309,
  " their": 0.01408596895635128,
  " in": 0.013908565044403076,
  " they": 0.005745759233832359,
  " he": 0.0057191140949726105,
  " this": 0.004390419460833073,
  " a": 0.003127477364614606,
  ",": 0.0027112949173897505,
  " that": 0.002134266309440136,
  " battle": 0.002064955420792103,
  " with": 0.00197370583191514,
  " on": 0.0019343795720487833,
  " to": 0.0015580946346744895,
  " an": 0.0004917308688163757,
  " destruction": 0.0004528143035713583,
  " both": 0.00041793097625486553,
  " our": 0.00040961455670185387,
  " them": 0.0004028518160339445,
  " upon": 0.0003562249767128378,
  " defeat": 0.0003330162144266069,
  " before": 0.0003099620807915926,
  " night": 0.0003073503030464053,
  " full": 0.00029459738289006054,
  " two": 0.00029090349562466145,
  " prepared": 0.0002858444640878588,
  " these": 0.00027486219187267125,
  " its": 0.0002733632572926581,
  " him": 0.00026296760188415647,
  " un": 0.00026121470727957785,
  " we": 0.000259232590906322,
  " th": 0.00023129697365220636,
  " at": 0.00023021403467282653,
  " amb": 0.0002286851522512734,
  " emb": 0.0002033118362305686,
  " those": 0.0002015123754972592,
  " such": 0.00019707949832081795,
  " it": 0.00019666719890665263,
  " '": 0.0001618862443137914,
  " day": 0.00016104133101180196
}
pre_accept_filter: 40 -> 39
accept_tok hit: ' the' | continuing...
{
  " battle": 0.4816763401031494,
  " sun": 0.05285395681858063,
  " day": 0.04453117772936821,
  " dawn": 0.03334757685661316,
  " tw": 0.02674202248454094,
  " moon": 0.0256673451513052,
  " f": 0.022305026650428772,
  " fight": 0.014113843441009521,
  " final": 0.013867029920220375,
  " cl": 0.012230203486979008,
  " shadows": 0.011638741940259933,
  " tide": 0.01157641876488924,
  " first": 0.009097829461097717,
  " morning": 0.008521568961441517,
  " trump": 0.007480323314666748,
  " storm": 0.006050210911780596,
  " sk": 0.0057735750451684,
  " war": 0.005772066302597523,
  " light": 0.005738771520555019,
  " temp": 0.0046524545177817345,
  " field": 0.00454195961356163,
  " e": 0.0044405292719602585,
  " winds": 0.0038288666401058435,
  " conflict": 0.003438477171584964,
  " break": 0.0028689163736999035,
  " ranks": 0.0028650013264268637,
  " dread": 0.0028544357046484947,
  " darkness": 0.0026839738711714745,
  " bloody": 0.0023774902801960707,
  " dark": 0.00228418898768723,
  " tr": 0.0022675504442304373,
  " fe": 0.002188695129007101,
  " s": 0.0020791045390069485,
  " sky": 0.002036226913332939,
  " moment": 0.002005934715270996,
  " enemy": 0.0020009109284728765,
  " wind": 0.0019683523569256067,
  " battles": 0.0018828922184184194,
  " setting": 0.0018756355857476592,
  " stars": 0.0018001982243731618
}
pre_accept_filter: 40 -> 40
post_accept_filter: 40 -> 40
enc_int: 12 | token: ' first'
{
  " light": 0.3314242362976074,
  " arrow": 0.22698716819286346,
  " battle": 0.0899699404835701,
  " assault": 0.024295439943671227,
  " sun": 0.022198829799890518,
  " star": 0.016723258420825005,
  " shot": 0.012196226976811886,
  " blood": 0.01212141290307045,
  " day": 0.011317292228341103,
  " moon": 0.009878294542431831,
  " blow": 0.009542739950120449,
  " cl": 0.008853908628225327,
  " note": 0.00837086420506239,
  " dawn": 0.008152768947184086,
  " trump": 0.005706893280148506,
  " sk": 0.005132710095494986,
  " attack": 0.005077258683741093,
  " war": 0.0047148349694907665,
  " engagement": 0.004577626008540392,
  " ray": 0.004516824148595333,
  " ar": 0.0041701230220496655,
  " sunlight": 0.0034256859216839075,
  " gle": 0.0033473672810941935,
  " bug": 0.002976301359012723,
  " tw": 0.002929470967501402,
  " snow": 0.002841111971065402,
  " fight": 0.0026928677689284086,
  " true": 0.002636703895404935,
  " batt": 0.002464461140334606,
  " bright": 0.0021981187164783478,
  " man": 0.0021436228416860104,
  " morning": 0.0021126726642251015,
  " r": 0.0019903983920812607,
  " me": 0.0019305498572066426,
  " bloody": 0.0018410264747217298,
  " clar": 0.0018374710343778133,
  " sound": 0.0018225599778816104,
  " shaft": 0.0018128851661458611,
  " battles": 0.0016552095767110586,
  " encounter": 0.00159830239135772
}
pre_accept_filter: 40 -> 40
post_accept_filter: 40 -> 40
enc_int: 5 | token: ' star'
{
  "'": 0.20141777396202087,
  " did": 0.19638973474502563,
  " a": 0.11707133054733276,
  " gl": 0.10804491490125656,
  " ag": 0.06606360524892807,
  " showed": 0.053185295313596725,
  " sh": 0.01795242540538311,
  " gle": 0.015332578681409359,
  " appeared": 0.01309670228511095,
  " would": 0.01289663277566433,
  "\u2019": 0.010929719544947147,
  " rose": 0.008947141468524933,
  "let": 0.008604439906775951,
  " was": 0.008037615567445755,
  " grew": 0.006183641497045755,
  " could": 0.005829744506627321,
  " be": 0.005781895015388727,
  " threw": 0.004984086845070124,
  " began": 0.004773857071995735,
  " lit": 0.004173315595835447,
  " took": 0.004017342813313007,
  "-": 0.003969274926930666,
  " in": 0.0032380674965679646,
  " of": 0.003223784500733018,
  " glow": 0.003192043164744973,
  " d": 0.003058934584259987,
  " shown": 0.0028980819042772055,
  " best": 0.0026744201313704252,
  "gl": 0.002537183230742812,
  "be": 0.0024349107407033443,
  " to": 0.002397082047536969,
  " had": 0.0023046392016112804,
  " cast": 0.002298193983733654,
  ",": 0.0022771270014345646,
  " might": 0.0021770591847598553,
  " stole": 0.002103389473631978,
  " let": 0.002075304975733161,
  " spoke": 0.002053790958598256,
  " broke": 0.0016986101400107145,
  " show": 0.0015586281660944223
}
pre_accept_filter: 40 -> 37
post_accept_filter: 37 -> 36
enc_int: 15 | token: ' threw'
{
  ",": 0.4515462815761566,
  "\n": 0.44289955496788025,
  " light": 0.03128260746598244,
  " glow": 0.013729415833950043,
  " (": 0.00896998681128025,
  "-": 0.0048639061860740185,
  " its": 0.004451294895261526,
  ";": 0.003450315445661545,
  "--": 0.0030338286887854338,
  "\u2014": 0.003001728095114231,
  "?": 0.002544418675825,
  "...": 0.0015727593563497066,
  " gle": 0.001556361559778452,
  " down": 0.001525398693047464,
  " shade": 0.0014325627125799656,
  " -": 0.0012400741688907146,
  ":": 0.0011084385914728045,
  " glo": 0.0010223307181149721,
  ".": 0.0009799125837162137,
  " [": 0.00094244146021083,
  "---": 0.0007471991702914238,
  "(": 0.000732175714801997,
  " low": 0.0007204473949968815,
  " ": 0.0005741503555327654,
  " *": 0.00047853964497335255,
  "\u2026": 0.0004523861571215093,
  " off": 0.00041837082244455814,
  " gl": 0.0003857788979075849,
  " --": 0.00037972169229760766,
  "*": 0.00036964306491427124,
  " ro": 0.0002837652573361993,
  " \u2014": 0.0002597830316517502,
  " h": 0.0002552135556470603,
  " show": 0.0002431377797620371,
  " ve": 0.00023499742383137345,
  " a": 0.00019827850337605923,
  " shadow": 0.0001964521943591535,
  " open": 0.00018553623522166163,
  "\u2013": 0.0001732777018332854,
  " shine": 0.0001726113841868937
}
pre_accept_filter: 40 -> 21
post_accept_filter: 21 -> 18
enc_int: 7 | token: ' low'
{
  ",": 0.7270929217338562,
  "\n": 0.15802179276943207,
  ".": 0.03153986111283302,
  ";": 0.02942183054983616,
  "?": 0.021596431732177734,
  "\u2014": 0.008998913690447807,
  ":": 0.007904467172920704,
  "-": 0.0062736207619309425,
  "--": 0.0020428956486284733,
  " (": 0.0019230308244004846,
  "---": 0.0011822922388091683,
  " -": 0.0005714188446290791,
  " its": 0.0004656664386857301,
  "...": 0.00045916979433968663,
  "\u2013": 0.00026049476582556963,
  "\u2026": 0.00018048746278509498,
  " \u2014": 0.00017063489940483123,
  "'": 0.00011548135080374777,
  " --": 0.00010020562331192195,
  "(": 9.132181730819866e-05,
  " \u2013": 7.569300214527175e-05,
  " ": 6.588858377654105e-05,
  ",-": 6.0329079133225605e-05,
  "....": 5.85766501899343e-05,
  " Its": 5.7179298892151564e-05,
  " [": 5.253411291050725e-05,
  " ?": 5.108337427373044e-05,
  " .": 3.987326272181235e-05,
  " ---": 3.973712955485098e-05,
  "?,": 3.9685324736637995e-05,
  " light": 3.14828721457161e-05,
  "!": 2.614752884255722e-05,
  ",*": 2.385882726230193e-05,
  "?(": 2.380028490733821e-05,
  "\u2026.": 2.3320366381085478e-05,
  "*": 2.153028799511958e-05,
  " ,": 2.1478239432326518e-05,
  "----": 2.0640849470510148e-05,
  "\u2019": 1.8758359146886505e-05,
  ".....": 1.6744250388001092e-05
}
pre_accept_filter: 40 -> 7
accept_tok hit: ',' | continuing...
{
  "\n": 0.9828943610191345,
  " (": 0.013215554878115654,
  "--": 0.0005327610997483134,
  " ": 0.0004436763992998749,
  "\u2014": 0.0003555980511009693,
  "---": 0.0003082358743995428,
  " [": 0.0002743313671089709,
  "...": 0.00023445210536010563,
  " _": 0.0002062749699689448,
  "(": 0.00016405103087890893,
  "  ": 0.00011702840129146352,
  " (_": 9.943026816472411e-05,
  " -": 7.187962182797492e-05,
  " *": 5.7517790992278606e-05,
  "   ": 3.939891394111328e-05,
  "....": 3.818990444415249e-05,
  " .": 3.394990199012682e-05,
  " (*": 3.349366306792945e-05,
  " --": 3.084253694396466e-05,
  "\u2013": 2.6080786483362317e-05,
  "                ": 2.5462632038397714e-05,
  "[": 2.404003680567257e-05,
  " **": 2.0466826754272915e-05,
  " ---": 1.869572588475421e-05,
  "\u2026": 1.8571334294392727e-05,
  " ...": 1.8068871213472448e-05,
  "    ": 1.794242052710615e-05,
  " \u2014": 1.7045835193130188e-05,
  "     ": 1.6792897440609522e-05,
  "..": 1.6790574591141194e-05,
  " {": 1.658042128838133e-05,
  "The": 1.4637503227277193e-05,
  ".....": 1.4578155969502404e-05,
  "__": 1.325213543168502e-05,
  " (\"": 1.303273984376574e-05,
  "**": 1.1945641745114699e-05,
  " *(": 1.1706126315402798e-05,
  " \"": 1.124831396737136e-05,
  "*": 1.0988313078996725e-05,
  " ()": 1.0718486009864137e-05
}
pre_accept_filter: 40 -> 2
accept_tok hit: '\n' | continuing...
{
  "\n": 0.22800827026367188,
  "His": 0.08686547726392746,
  "The": 0.07688474655151367,
  "To": 0.07043924927711487,
  "And": 0.06695513427257538,
  "A": 0.0593370646238327,
  "With": 0.05890198051929474,
  "This": 0.040948688983917236,
  "But": 0.04051019623875618,
  "In": 0.03237902373075485,
  "What": 0.02942085452377796,
  "Th": 0.016523778438568115,
  "That": 0.013485774397850037,
  "Now": 0.0134588573127985,
  "U": 0.00895409844815731,
  "_": 0.008920934051275253,
  "Y": 0.008616980165243149,
  "(": 0.007088539190590382,
  "F": 0.005202457774430513,
  "When": 0.0042184581980109215,
  "An": 0.0033710317220538855,
  "\"": 0.0032448437996208668,
  "Wh": 0.003205551067367196,
  "No": 0.003203894244506955,
  "B": 0.003174901707097888,
  "________": 0.0029853670857846737,
  "Det": 0.0029610951896756887,
  "For": 0.0027815906796604395,
  "Each": 0.0027439456898719072,
  "**": 0.002549203345552087,
  "________________": 0.0024689636193215847,
  "Our": 0.002430727705359459,
  "Then": 0.0023789212573319674,
  "C": 0.0023503247648477554,
  "Br": 0.0019361310405656695,
  "Of": 0.0018308659782633185,
  "Which": 0.0018053576350212097,
  "Such": 0.0016949321143329144,
  "G": 0.001563909463584423,
  "____": 0.0013743346789851785
}
pre_accept_filter: 40 -> 33
accept_tok hit: '\n' | continuing...
{
  "The": 0.17269107699394226,
  "With": 0.08992812037467957,
  "A": 0.07709504663944244,
  "His": 0.07140257954597473,
  "In": 0.0676066055893898,
  "And": 0.05746300518512726,
  "This": 0.046940792351961136,
  "To": 0.04324314370751381,
  "But": 0.03491055965423584,
  "Th": 0.03402577340602875,
  "B": 0.025014253333210945,
  "Now": 0.024750903248786926,
  "What": 0.020726118236780167,
  "U": 0.01940341480076313,
  "Y": 0.014614426530897617,
  "(": 0.013653318397700787,
  "That": 0.011545063927769661,
  "F": 0.00941900722682476,
  "Before": 0.006304148584604263,
  "_": 0.00571614783257246,
  "When": 0.005605929531157017,
  "He": 0.005538161378353834,
  "\"": 0.005465466529130936,
  "C": 0.004508345853537321,
  "My": 0.003953132778406143,
  "I": 0.0037099674809724092,
  "An": 0.003693773876875639,
  "Ag": 0.003564817365258932,
  "Dark": 0.0027707198169082403,
  "Un": 0.0026100242976099253,
  "Wh": 0.002345938002690673,
  "[": 0.0022189088631421328,
  "'": 0.0021924932952970266,
  "For": 0.002157604554668069,
  "Am": 0.0021486517507582903,
  "G": 0.0020229036454111338,
  "As": 0.0020093407947570086,
  "From": 0.001909277867525816,
  "Then": 0.001904645818285644,
  "No": 0.001800011028535664
}
pre_accept_filter: 40 -> 35
post_accept_filter: 35 -> 35
enc_int: 3 | token: 'His'
{
  " kn": 0.134620800614357,
  " f": 0.10688737779855728,
  " armor": 0.07392922043800354,
  " ste": 0.06965257972478867,
  " arm": 0.05253797769546509,
  " men": 0.05123936012387276,
  " voice": 0.03796469420194626,
  " army": 0.03543217107653618,
  " soldiers": 0.02208016812801361,
  " eyes": 0.01958286762237549,
  " sword": 0.019540445879101753,
  " b": 0.01928086392581463,
  " words": 0.017581477761268616,
  " warriors": 0.011687054298818111,
  " shield": 0.011485240422189236,
  " vis": 0.011365734040737152,
  " enemies": 0.010297159664332867,
  " steel": 0.01027750875800848,
  " enemy": 0.008219928480684757,
  " troops": 0.008047867566347122,
  " hand": 0.006377008743584156,
  " heart": 0.006200829055160284,
  " horse": 0.005822291132062674,
  " courage": 0.005329481326043606,
  " noble": 0.005053412169218063,
  " subjects": 0.004789834376424551,
  " strength": 0.00437219999730587,
  " shining": 0.004160670563578606,
  " battle": 0.003656497923657298,
  " br": 0.003466256894171238,
  " face": 0.0031932166311889887,
  " might": 0.0030784220434725285,
  " war": 0.0030524563044309616,
  " gl": 0.0029912719037383795,
  " brave": 0.0029640914872288704,
  " valor": 0.002906694309785962,
  " com": 0.002738342387601733,
  " golden": 0.0026887592393904924,
  " loyal": 0.0026000000070780516,
  " ch": 0.002501360373571515
}
pre_accept_filter: 40 -> 40
post_accept_filter: 40 -> 40
enc_int: 1 | token: ' f'
{
  "oe": 0.72030109167099,
  "oes": 0.21311236917972565,
  "ists": 0.021961607038974762,
  "oll": 0.013287349604070187,
  "erv": 0.008432496339082718,
  "ury": 0.005333306733518839,
  "ief": 0.0034577168989926577,
  "rown": 0.002219459041953087,
  "athers": 0.0013450689148157835,
  "ateful": 0.0008286649826914072,
  "ath": 0.0008196796989068389,
  "ated": 0.000614041113294661,
  "angs": 0.0005275318399071693,
  "abled": 0.0005058672395534813,
  "idel": 0.00044229195918887854,
  "ores": 0.00031345614115707576,
  "isted": 0.00030066631734371185,
  "iance": 0.00029069880838505924,
  "ain": 0.00028774229576811194,
  "rowning": 0.0002815443731378764,
  "ates": 0.0002745598612818867,
  "iefs": 0.000205340315005742,
  "ist": 0.0001866655220510438,
  "action": 0.00018532101239543408,
  "ret": 0.00016142097592819482,
  "iddle": 0.00015844032168388367,
  "ren": 0.00014031841419637203,
  "ife": 0.00012462909216992557,
  "eline": 0.0001094014587579295,
  "idd": 0.00010783196921693161,
  "art": 9.962105104932562e-05,
  "rayed": 9.220358333550394e-05,
  "urs": 9.099033923121169e-05,
  "ern": 7.873102003941312e-05,
  "ount": 7.460915367119014e-05,
  "ied": 7.154989725677297e-05,
  "ray": 6.992631097091362e-05,
  "ooth": 6.237468187464401e-05,
  "ours": 6.091867544455454e-05,
  "uming": 5.928923928877339e-05
}
pre_accept_filter: 40 -> 40
accept_tok hit: 'oe' | continuing...
{
  ",": 0.5443840026855469,
  " with": 0.07171467691659927,
  " appeared": 0.038302212953567505,
  " approached": 0.029906930401921272,
  " replied": 0.02824459969997406,
  " was": 0.0271399337798357,
  " a": 0.02674991637468338,
  " stood": 0.022255336865782738,
  " in": 0.020141584798693657,
  " did": 0.016898173838853836,
  "'": 0.01439356617629528,
  " advanced": 0.014386389404535294,
  " emerged": 0.012574433349072933,
  " responded": 0.0077958060428500175,
  " un": 0.005826890468597412,
  " before": 0.004617616068571806,
  " came": 0.004460037220269442,
  " of": 0.00426477612927556,
  " the": 0.00413441052660346,
  " stepped": 0.0037852278910577297,
  " adv": 0.003576696617528796,
  " ret": 0.0034843962639570236,
  " prepared": 0.0030448795296251774,
  " arrived": 0.002539760200306773,
  " from": 0.0020952264312654734,
  " answered": 0.002005907939746976,
  " an": 0.0017222522292286158,
  " had": 0.001710440032184124,
  " advance": 0.0016679592663422227,
  " displayed": 0.001591031439602375,
  " met": 0.0015811246121302247,
  " upon": 0.001255285576917231,
  " await": 0.0012104315683245659,
  " drew": 0.001032730215229094,
  " without": 0.0009998291498050094,
  " presented": 0.0009021968580782413,
  " c": 0.0008708257228136063,
  " revealed": 0.0008566759061068296,
  "\u2019": 0.0008021401008591056,
  " def": 0.0007503680535592139
}
pre_accept_filter: 40 -> 38
post_accept_filter: 38 -> 37
enc_int: 5 | token: ' a'
{
  " giant": 0.311894953250885,
  " sav": 0.05582653731107712,
  " beast": 0.047349825501441956,
  " ser": 0.04386391118168831,
  " fierce": 0.041389308869838715,
  " dragon": 0.027706891298294067,
  " mon": 0.025950957089662552,
  " h": 0.02107706479728222,
  " c": 0.0193692184984684,
  " form": 0.018950924277305603,
  " might": 0.017903100699186325,
  " w": 0.016969304531812668,
  " fear": 0.016818374395370483,
  " monster": 0.015445452183485031,
  " shadow": 0.01378660649061203,
  " creature": 0.013724727556109428,
  " br": 0.008970372378826141,
  " t": 0.008677004836499691,
  " tit": 0.007947945967316628,
  "gh": 0.00723634846508503,
  " fi": 0.006442553363740444,
  " wild": 0.006206038407981396,
  " sor": 0.005535468924790621,
  " g": 0.005514719523489475,
  " bar": 0.00539189949631691,
  " tow": 0.005355524364858866,
  " man": 0.005338538438081741,
  " s": 0.005242426414042711,
  " figure": 0.00428318977355957,
  " dark": 0.004026820883154869,
  " lesser": 0.003915096633136272,
  " gri": 0.003893593093380332,
  " r": 0.00382867269217968,
  " ga": 0.0032012464944273233,
  " kn": 0.003178030950948596,
  " terr": 0.003111317753791809,
  " demon": 0.0030582037288695574,
  " be": 0.00290199788287282,
  " hide": 0.002881870372220874,
  " G": 0.0028262161649763584
}
pre_accept_filter: 40 -> 40
post_accept_filter: 40 -> 40
enc_int: 1 | token: ' sav'
{
  "age": 0.998435914516449,
  "ant": 0.0008009265875443816,
  "vy": 0.00026768504176288843,
  "ag": 0.0002346917026443407,
  "aged": 7.488889241358265e-05,
  "agen": 3.550441761035472e-05,
  "ager": 2.6236528356093913e-05,
  "ior": 2.1011710487073287e-05,
  "ory": 1.7193426174344495e-05,
  "ages": 1.445666748622898e-05,
  "aging": 7.686699063924607e-06,
  "AGE": 7.404164534818847e-06,
  "ge": 6.280639354372397e-06,
  "auge": 2.8014865165459923e-06,
  "agent": 2.3073848751664627e-06,
  "ate": 2.1169714727875544e-06,
  "an": 2.0671843685704516e-06,
  "ine": 1.2431202094376204e-06,
  "bar": 1.129292627410905e-06,
  " age": 8.10649737559288e-07,
  "agem": 7.301204050236265e-07,
  "vier": 7.174702432166669e-07,
  "our": 7.160859354371496e-07,
  "idge": 7.092264127095405e-07,
  "oir": 7.020796033430088e-07,
  "abe": 6.794051046199456e-07,
  "iour": 6.788461064388684e-07,
  "ante": 5.485695737661445e-07,
  "oy": 5.202779789215128e-07,
  "able": 5.199967176849896e-07,
  "agon": 5.040769792685751e-07,
  "v": 4.74222503044075e-07,
  "ar": 4.588828232954256e-07,
  "ile": 4.582652763929218e-07,
  "vor": 4.202592265301064e-07,
  "ive": 3.805484141139459e-07,
  "ague": 3.7216824466668186e-07,
  "ard": 3.6720706475534826e-07,
  "agle": 3.5397914643908734e-07,
  "in": 3.5351297356100986e-07
}
pre_accept_filter: 40 -> 40
accept_tok hit: 'age' | continuing...
{
  " beast": 0.2587060332298279,
  ",": 0.22333627939224243,
  " giant": 0.1387881487607956,
  " br": 0.03217265009880066,
  " and": 0.027065539732575417,
  " creature": 0.025102339684963226,
  " warrior": 0.02343694679439068,
  " bear": 0.020598310977220535,
  " figure": 0.011741172522306442,
  " dragon": 0.010812484659254551,
  " t": 0.007963317446410656,
  " wild": 0.006605399306863546,
  " from": 0.006275517866015434,
  " war": 0.0056138853542506695,
  " g": 0.005435904487967491,
  " h": 0.005412920843809843,
  " man": 0.005385496653616428,
  " G": 0.0051875850185751915,
  " be": 0.005126199219375849,
  " or": 0.004976183641701937,
  " monster": 0.004968440160155296,
  " tit": 0.004777952097356319,
  " ser": 0.004655934404581785,
  " fierce": 0.004336216952651739,
  " tribes": 0.004262871574610472,
  " bar": 0.004075853619724512,
  " lion": 0.003970656078308821,
  " in": 0.0038875825703144073,
  " hor": 0.003382486756891012,
  " f": 0.0033405234571546316,
  " form": 0.003216734854504466,
  " with": 0.0031398197170346975,
  " gri": 0.002813381142914295,
  " w": 0.0025670293252915144,
  " fi": 0.002553885104134679,
  " force": 0.0019690566696226597,
  " of": 0.0019165459088981152,
  " vis": 0.0017979094991460443,
  " tribe": 0.0017626151675358415,
  " demon": 0.001731230178847909
}
pre_accept_filter: 40 -> 40
post_accept_filter: 40 -> 39
enc_int: 5 | token: ' warrior'
{
  " stood": 0.2507290840148926,
  ",": 0.18868659436702728,
  " bold": 0.17065167427062988,
  " proud": 0.050346489995718,
  " cl": 0.04265441372990608,
  " strong": 0.02298598363995552,
  " fierce": 0.020565947517752647,
  " w": 0.015830539166927338,
  " wild": 0.014964229427278042,
  " of": 0.009712813422083855,
  " named": 0.00913724023848772,
  " tall": 0.008821303956210613,
  " grim": 0.008042090572416782,
  " brave": 0.007735359948128462,
  " h": 0.006803968921303749,
  " c": 0.00667971558868885,
  " appeared": 0.006150409579277039,
  " from": 0.005952433217316866,
  " ro": 0.00548148900270462,
  " was": 0.004999656695872545,
  "-": 0.0040629166178405285,
  " r": 0.0037581396754831076,
  " came": 0.003570122877135873,
  " dread": 0.0026337155140936375,
  " showed": 0.002564949681982398,
  "'": 0.0025462063495069742,
  " un": 0.002519750501960516,
  " sc": 0.002410955959931016,
  " beast": 0.002274950733408332,
  " unt": 0.0021751103922724724,
  " stand": 0.002106613712385297,
  " prow": 0.0019432390108704567,
  " b": 0.0019419653108343482,
  " d": 0.0017155237728729844,
  " in": 0.0015485576586797833,
  " be": 0.0015465422766283154,
  " known": 0.001538655604235828,
  " standing": 0.0015371933113783598,
  " cruel": 0.0015017804689705372,
  " bro": 0.0013713291846215725
}
pre_accept_filter: 40 -> 38
post_accept_filter: 38 -> 37
enc_int: 6 | token: ' w'
{
  "rought": 0.5455559492111206,
  "ro": 0.2471311390399933,
  "ield": 0.0777793601155281,
  "ilde": 0.02377512864768505,
  "ode": 0.019774025306105614,
  "ret": 0.016895322129130363,
  "ary": 0.009151594713330269,
  "old": 0.008760773576796055,
  "ry": 0.006310641765594482,
  "ove": 0.004387902095913887,
  "an": 0.003463959787040949,
  "it": 0.0034340154379606247,
  "aged": 0.002197323366999626,
  "reat": 0.0019669649191200733,
  "ily": 0.0019317830447107553,
  "ailed": 0.0017173358937725425,
  "ra": 0.0014566254103556275,
  "icked": 0.001416717772372067,
  "ilt": 0.0012538767186924815,
  "ont": 0.0011185676557943225,
  "iz": 0.0008709137910045683,
  "ond": 0.0008380481158383191,
  "roe": 0.0008227492799051106,
  "aked": 0.0007112673483788967,
  "eld": 0.0006440348224714398,
  "ot": 0.0006164358928799629,
  "oe": 0.0005761386128142476,
  "ild": 0.0005660791648551822,
  "iel": 0.00046957816812209785,
  "rot": 0.0004620079998858273,
  "ised": 0.0004087624547537416,
  "iled": 0.00039745395770296454,
  "oad": 0.000391685520298779,
  "ren": 0.0003768405003938824,
  "ired": 0.00036231655394658446,
  "ol": 0.0003183459339197725,
  "ade": 0.0003104523057118058,
  "ore": 0.0003100002359133214,
  "arded": 0.00030077845440246165,
  "rose": 0.00027031172066926956
}
pre_accept_filter: 40 -> 40
post_accept_filter: 40 -> 40
enc_int: 15 | token: 'ailed'
{
  ",": 0.9574846625328064,
  "\n": 0.02966356836259365,
  ":": 0.002137624891474843,
  "\u2014": 0.001818254473619163,
  " and": 0.0017226827330887318,
  " in": 0.000885026587639004,
  ";": 0.0008572990191169083,
  "-": 0.000694812391884625,
  "--": 0.0006912110256962478,
  " (": 0.000576357648242265,
  ".": 0.0005613325047306716,
  " loud": 0.00044585237628780305,
  " al": 0.00039504244341515005,
  " out": 0.0001859248586697504,
  "---": 0.00014154535892885178,
  " -": 0.0001259156415471807,
  " high": 9.781866538105533e-05,
  ",*": 7.652888598386198e-05,
  "...": 7.142758840927854e-05,
  ",-": 5.5981021432671696e-05,
  "\u2013": 5.1387487474130467e-05,
  " on": 4.785571582033299e-05,
  " with": 4.411269401316531e-05,
  " --": 3.5543380363378674e-05,
  " not": 3.466529233264737e-05,
  " a": 3.3234402508242056e-05,
  ",(": 3.285416460130364e-05,
  " [": 3.251475573051721e-05,
  " \u2014": 2.907724046963267e-05,
  " then": 2.5733090296853334e-05,
  " ,": 2.462771772115957e-05,
  " his": 2.451233558531385e-05,
  " ": 2.3499953385908157e-05,
  " so": 2.2593605535803363e-05,
  " un": 2.1365040083765052e-05,
  " \u2013": 2.117131771228742e-05,
  "*,": 2.0740020772791468e-05,
  "*": 2.064257932943292e-05,
  " loudly": 2.0289608073653653e-05,
  "(": 1.780761158443056e-05
}
pre_accept_filter: 40 -> 19
accept_tok hit: ',' | continuing...
{
  "\n": 0.9970452785491943,
  " (": 0.0011438598157837987,
  " \"": 0.0003889709187205881,
  " and": 0.00011383582022972405,
  " ": 8.462166442768648e-05,
  " _": 5.510208211489953e-05,
  "--": 5.291499837767333e-05,
  "\u2014": 4.0027869545156136e-05,
  " [": 3.868583371513523e-05,
  "  ": 3.672690945677459e-05,
  " with": 3.337020825711079e-05,
  " a": 3.244292747694999e-05,
  " *": 3.233500319765881e-05,
  "...": 3.005592225235887e-05,
  " yet": 2.7651423806673847e-05,
  " fierce": 2.6776662707561627e-05,
  " (\"": 2.2720678316545673e-05,
  " his": 2.1347748770494945e-05,
  " -": 2.0936562577844597e-05,
  " but": 1.6699392290320247e-05,
  " A": 1.6691366909071803e-05,
  " '": 1.4378885680343956e-05,
  "                ": 1.4078936146688648e-05,
  " cl": 1.398771746607963e-05,
  " eyes": 1.2980481187696569e-05,
  " --": 1.1600980542425532e-05,
  "   ": 1.1345285201969091e-05,
  " .": 1.1226943570363801e-05,
  " \u201c": 1.1088402970926836e-05,
  " (_": 1.061160128301708e-05,
  "---": 1.0500090866116807e-05,
  "With": 8.712048838788178e-06,
  " un": 8.674732271174435e-06,
  "    ": 8.192959285224788e-06,
  " And": 7.808595910319127e-06,
  " ...": 7.501150776079157e-06,
  " \"_": 7.41301028028829e-06,
  " With": 6.594732894882327e-06,
  " in": 6.216484052856686e-06,
  " His": 5.939911261521047e-06
}
pre_accept_filter: 40 -> 17
accept_tok hit: '\n' | continuing...
{
  "A": 0.2819996774196625,
  "With": 0.16957515478134155,
  "And": 0.10000288486480713,
  "The": 0.04488197714090347,
  "In": 0.04425251856446266,
  "His": 0.02512587234377861,
  "But": 0.02407298982143402,
  "Before": 0.022528786212205887,
  "B": 0.022193409502506256,
  "\"": 0.020932257175445557,
  "An": 0.01771508902311325,
  "From": 0.012068836949765682,
  "Ag": 0.011049246415495872,
  "Th": 0.010580816306173801,
  "As": 0.008944096975028515,
  "No": 0.007096798624843359,
  "Y": 0.0068306997418403625,
  "Who": 0.0065895565785467625,
  "U": 0.006076775956898928,
  "F": 0.005942147225141525,
  "Wh": 0.005093539599329233,
  "En": 0.004910813644528389,
  "He": 0.00477259187027812,
  "This": 0.004709254018962383,
  "To": 0.004026367329061031,
  "Cl": 0.0037839338183403015,
  "Like": 0.0037662785034626722,
  "Dark": 0.003717022016644478,
  "Sw": 0.003433600999414921,
  "T": 0.003212984884157777,
  "'": 0.00310711027123034,
  "C": 0.0030578540172427893,
  "E": 0.002754995133727789,
  "Un": 0.002725117141380906,
  "G": 0.002681029262021184,
  "S": 0.0026375437155365944,
  "\n": 0.00259083928540349,
  "M": 0.0024119149893522263,
  "L": 0.0023241816088557243,
  "N": 0.0022152848541736603
}
pre_accept_filter: 40 -> 38
post_accept_filter: 38 -> 37
enc_int: 2 | token: 'And'
{
  " with": 0.07852799445390701,
  " from": 0.07174474000930786,
  " ro": 0.040579214692115784,
  " charged": 0.033492401242256165,
  " raised": 0.027034912258386612,
  " in": 0.026432106271386147,
  " cl": 0.022862998768687248,
  " answered": 0.021911002695560455,
  " b": 0.02063310518860817,
  " through": 0.01973191276192665,
  " sw": 0.018662210553884506,
  " met": 0.01848774217069149,
  " brand": 0.017928864806890488,
  " shook": 0.017766064032912254,
  " fierce": 0.01531850453466177,
  ",": 0.014501926489174366,
  " r": 0.01244052592664957,
  " challenged": 0.012158599682152271,
  " drew": 0.011671042069792747,
  " on": 0.011393249034881592,
  " sp": 0.011325876228511333,
  " sn": 0.011213318444788456,
  " called": 0.00975305587053299,
  " hur": 0.009418242610991001,
  " v": 0.00913061574101448,
  " swift": 0.008545071817934513,
  " to": 0.00785087887197733,
  " g": 0.007792947813868523,
  " spr": 0.007468070834875107,
  " shouted": 0.006917073391377926,
  " thus": 0.006844504736363888,
  " swung": 0.006287252996116877,
  " steel": 0.006031653843820095,
  " cried": 0.005601290613412857,
  " stood": 0.005439519416540861,
  " how": 0.0052511803805828094,
  " ne": 0.004993654787540436,
  " br": 0.004971466027200222,
  " trem": 0.004831606522202492,
  " summon": 0.00477879261597991
}
pre_accept_filter: 40 -> 40
post_accept_filter: 40 -> 39
enc_int: 12 | token: ' brand'
{
  "ished": 0.9521725177764893,
  "ishing": 0.04204392060637474,
  "ish": 0.0031947684474289417,
  "ed": 0.0020683924667537212,
  "ised": 0.00018537315190769732,
  "is": 6.984120409470052e-05,
  "ied": 4.998623990104534e-05,
  "ishment": 2.9895205443608575e-05,
  "ing": 1.8357230146648362e-05,
  "ishes": 1.8144433852285147e-05,
  "ising": 1.586505641171243e-05,
  "isher": 1.0468355867487844e-05,
  ",": 7.4813679020735435e-06,
  "ered": 6.145220140751917e-06,
  " from": 5.981043159408728e-06,
  "i": 5.229769612924429e-06,
  "ist": 4.238444944348885e-06,
  "oned": 3.7726606478827307e-06,
  "lished": 2.932216830231482e-06,
  "ized": 2.867197281375411e-06,
  "led": 2.750840394583065e-06,
  "iced": 1.4398349321709247e-06,
  " in": 1.3551549500334659e-06,
  " w": 1.2228241530465311e-06,
  " of": 1.1351968396411394e-06,
  "it": 1.1111558251286624e-06,
  "iss": 1.106207605516829e-06,
  "aged": 9.90896637631522e-07,
  "isted": 9.566839480612543e-07,
  "'": 9.554831876812386e-07,
  "qu": 9.544112344883615e-07,
  "si": 9.494743835603003e-07,
  "y": 9.313736200056155e-07,
  "ified": 8.903066941456927e-07,
  "isch": 8.799696615824359e-07,
  "ched": 8.741915280552348e-07,
  "ashed": 8.699225872987881e-07,
  " his": 7.712417300353991e-07,
  "elled": 7.644856054866978e-07,
  "ings": 7.350556074925407e-07
}
pre_accept_filter: 40 -> 39
accept_tok hit: 'ished' | continuing...
{
  " sword": 0.5347763299942017,
  " blade": 0.06524204462766647,
  " weapons": 0.041937485337257385,
  " spe": 0.03731078281998634,
  " shield": 0.031625714153051376,
  " steel": 0.027425142005085945,
  " forth": 0.027320019900798798,
  " weapon": 0.023874348029494286,
  " arms": 0.014453981071710587,
  " in": 0.01090109720826149,
  " fierce": 0.010449187830090523,
  " sw": 0.009406101889908314,
  " ax": 0.007227814756333828,
  " sharp": 0.006027120165526867,
  ",": 0.005883999168872833,
  " at": 0.004697893746197224,
  " g": 0.004576846957206726,
  " his": 0.004233157727867365,
  " on": 0.003804321400821209,
  " from": 0.0031493937131017447,
  " bl": 0.0030525787733495235,
  " might": 0.002991087967529893,
  " long": 0.002861106302589178,
  " through": 0.002732222666963935,
  " fier": 0.0026123165152966976,
  " dread": 0.0025264399591833353,
  " with": 0.002391403540968895,
  " ste": 0.0023288209922611713,
  " m": 0.002221719827502966,
  " s": 0.0020609379280358553,
  " a": 0.0018021623836830258,
  " dark": 0.0017304082866758108,
  " swift": 0.0015635582385584712,
  " beast": 0.0012840338749811053,
  " ancient": 0.0011264326749369502,
  " gle": 0.0011157523840665817,
  " armor": 0.0011001357343047857,
  " iron": 0.0010914531303569674,
  " cruel": 0.0010760258883237839,
  " mon": 0.0010307745542377234
}
pre_accept_filter: 40 -> 40
post_accept_filter: 40 -> 39
enc_int: 8 | token: ' arms'
{
  ",": 0.21084927022457123,
  " of": 0.19559819996356964,
  " with": 0.11744754761457443,
  " that": 0.11183861643075943,
  " in": 0.057572826743125916,
  " to": 0.03682991862297058,
  " and": 0.03395714983344078,
  " as": 0.02361254394054413,
  " for": 0.020573478192090988,
  " bed": 0.011925808154046535,
  " prepared": 0.008196277543902397,
  " ad": 0.008087603375315666,
  " both": 0.006800021510571241,
  " where": 0.006610484328120947,
  " like": 0.006543359719216824,
  " which": 0.0062134056352078915,
  " upon": 0.0053445445373654366,
  " a": 0.005025836639106274,
  " against": 0.004990536719560623,
  " so": 0.004764897283166647,
  " im": 0.0032886078115552664,
  " the": 0.0032546278089284897,
  " through": 0.0031904634088277817,
  " whose": 0.0029525908175855875,
  " on": 0.0026163794100284576,
  " re": 0.002392962807789445,
  " before": 0.0023057141806930304,
  " beneath": 0.002271665260195732,
  " un": 0.0021069603972136974,
  " from": 0.002080267760902643,
  " steep": 0.001851121662184596,
  " l": 0.0018458012491464615,
  " bes": 0.001715509919449687,
  " s": 0.0017111587803810835,
  " t": 0.001700516208074987,
  " at": 0.0016540418146178126,
  " most": 0.0016268957406282425,
  " fierce": 0.0013984222896397114,
  " emb": 0.001380749512463808,
  " armed": 0.0013110865838825703
}
pre_accept_filter: 40 -> 40
post_accept_filter: 40 -> 39
enc_int: 2 | token: ' that'
{
  " bore": 0.19862079620361328,
  " gle": 0.09656225889921188,
  " could": 0.045460045337677,
  " seemed": 0.02626057341694832,
  " gl": 0.024702483788132668,
  " held": 0.02456294372677803,
  " b": 0.023539893329143524,
  " were": 0.018944423645734787,
  " knew": 0.01886516623198986,
  " g": 0.015765400603413582,
  " would": 0.0155074717476964,
  " shook": 0.015421343967318535,
  " steel": 0.01484475377947092,
  " sh": 0.014044158160686493,
  " in": 0.012632543221116066,
  " w": 0.01122026052325964,
  " with": 0.010445456020534039,
  " to": 0.009732512757182121,
  " told": 0.009389410726726055,
  " once": 0.008913025259971619,
  " sle": 0.00840035080909729,
  " fierce": 0.008238996379077435,
  " might": 0.007232672069221735,
  " scar": 0.007132324390113354,
  " swung": 0.007013482972979546,
  " br": 0.006651862058788538,
  " sp": 0.006399907637387514,
  " made": 0.005592579487711191,
  " had": 0.005021410062909126,
  " tow": 0.004849547985941172,
  " showed": 0.00476748775690794,
  " sm": 0.0046557411551475525,
  " swift": 0.004601548425853252,
  " sl": 0.004210755228996277,
  " men": 0.004181572701781988,
  " d": 0.004158744588494301,
  ",": 0.003965337760746479,
  " bl": 0.0036046409513801336,
  " on": 0.003574410453438759,
  " cl": 0.0035207164473831654
}
pre_accept_filter: 40 -> 40
post_accept_filter: 40 -> 39
enc_int: 5 | token: ' held'
{
  " a": 0.31409353017807007,
  " the": 0.16154323518276215,
  " great": 0.06401433795690536,
  " sharp": 0.05406126007437706,
  " his": 0.03892773017287254,
  " fierce": 0.02989332750439644,
  " destruction": 0.02524668350815773,
  " death": 0.02329891547560692,
  " deadly": 0.019256385043263435,
  " cruel": 0.012717004865407944,
  " an": 0.011884566396474838,
  " dread": 0.009035630151629448,
  " much": 0.0076522137969732285,
  " dark": 0.007459831424057484,
  " no": 0.006529854144901037,
  " dire": 0.00623606750741601,
  " destruct": 0.005597582086920738,
  " true": 0.005005004350095987,
  " swift": 0.004991309717297554,
  " fear": 0.004866933450102806,
  " vast": 0.004808191675692797,
  " such": 0.004563862923532724,
  " in": 0.004554318729788065,
  " immense": 0.003957755398005247,
  " might": 0.003729526186361909,
  " men": 0.0036559258587658405,
  " both": 0.00353468325920403,
  " en": 0.0032143795397132635,
  " grim": 0.002958612749353051,
  " but": 0.0028359144926071167,
  " un": 0.0026202707085758448,
  " mon": 0.0025587682612240314,
  " weapons": 0.0023649137001484632,
  " keen": 0.0023032603785395622,
  " ens": 0.002244708128273487,
  " steel": 0.002227259799838066,
  " dead": 0.0021815025247633457,
  " long": 0.0020131913479417562,
  " bright": 0.0017376986797899008,
  " re": 0.0017257715808227658
}
pre_accept_filter: 40 -> 40
post_accept_filter: 40 -> 40
enc_int: 14 | token: ' no'
{
  " grace": 0.15587866306304932,
  " fear": 0.13921372592449188,
  " blade": 0.07217025011777878,
  " might": 0.06500474363565445,
  " peace": 0.05022362992167473,
  " sway": 0.04618556424975395,
  " sword": 0.04429143667221069,
  " steel": 0.030172094702720642,
  " weight": 0.020656447857618332,
  " shield": 0.016954267397522926,
  " power": 0.014418019913136959,
  " shame": 0.01142225880175829,
  " match": 0.010843934491276741,
  " she": 0.009908292442560196,
  " love": 0.008669242262840271,
  " strength": 0.008597512729465961,
  " weapon": 0.007707509677857161,
  " quarter": 0.007511853240430355,
  " qu": 0.006938311271369457,
  " gu": 0.006627746392041445,
  " met": 0.006020462140440941,
  " light": 0.005798922851681709,
  " mercy": 0.005690190475434065,
  " equal": 0.005609220825135708,
  " more": 0.005370978731662035,
  " gle": 0.005017267074435949,
  " true": 0.004934791941195726,
  " dread": 0.004254567436873913,
  " pride": 0.004250682424753904,
  " skill": 0.003943261690437794,
  " stay": 0.0034133244771510363,
  " art": 0.00339892809279263,
  " fe": 0.003397312480956316,
  " spe": 0.003360308473929763,
  " force": 0.0032112286426126957,
  " honor": 0.002861983608454466,
  " kin": 0.0023053085897117853,
  " yield": 0.0021965710911899805,
  " peer": 0.002148002153262496,
  " fight": 0.0021356933284550905
}
pre_accept_filter: 40 -> 40
post_accept_filter: 40 -> 40
enc_int: 9 | token: ' shield'
{
  ",": 0.9281095266342163,
  ";": 0.017063790932297707,
  ".": 0.0131476279348135,
  " nor": 0.011653918772935867,
  " or": 0.008101857267320156,
  ":": 0.004231172148138285,
  "\n": 0.0034022717736661434,
  "s": 0.0032650469802320004,
  "'": 0.0027836887165904045,
  "\u2014": 0.0009566384833306074,
  " to": 0.0008769605192355812,
  "ing": 0.0007075301255099475,
  " but": 0.0006210123538039625,
  " of": 0.0006092843832448125,
  "-": 0.0004558383661787957,
  "ed": 0.0004419780452735722,
  " from": 0.00041538410005159676,
  " at": 0.0003751433687284589,
  "--": 0.00021281208319123834,
  "\u2019": 0.00014626012125518173,
  " so": 0.00013973817112855613,
  " -": 0.00011053672642447054,
  " (": 0.00010998131619999185,
  " like": 7.637795351911336e-05,
  " in": 7.374915003310889e-05,
  " for": 6.521399336634204e-05,
  " before": 5.472569682751782e-05,
  "---": 5.4692620324203745e-05,
  " now": 4.616617661667988e-05,
  " true": 4.266108589945361e-05,
  " against": 3.9143233152572066e-05,
  " ,": 3.913927866960876e-05,
  "...": 3.87112631869968e-05,
  " alike": 2.9624736271216534e-05,
  " yet": 2.8779621061403304e-05,
  " \u2013": 2.719965596043039e-05,
  ",*": 2.505520205886569e-05,
  " well": 2.2555414034286514e-05,
  "\u2013": 2.2399573936127126e-05,
  " n": 2.1215704691712745e-05
}
pre_accept_filter: 40 -> 26
accept_tok hit: ',' | continuing...
{
  "\n": 0.9991467595100403,
  " (": 0.0004527499550022185,
  " \"": 3.804642256000079e-05,
  "--": 3.231668961234391e-05,
  " ": 2.152045453840401e-05,
  " but": 1.8982156689162366e-05,
  "\u2014": 1.758942562446464e-05,
  " yet": 1.532504211354535e-05,
  " nor": 8.44526402943302e-06,
  " [": 6.892172677908093e-06,
  " -": 6.5646504481264856e-06,
  " rage": 6.209225830389187e-06,
  " or": 6.172314442665083e-06,
  "(": 5.604910711554112e-06,
  " _": 5.217678790359059e-06,
  " *": 4.914053079119185e-06,
  "...": 4.460768650460523e-06,
  "                ": 4.174310561211314e-06,
  " --": 3.906568053935189e-06,
  " **": 3.498403430057806e-06,
  " his": 3.2849259241629625e-06,
  " raw": 3.2055495466920547e-06,
  "But": 3.1674962883698754e-06,
  "**": 3.0126072942948667e-06,
  "*": 2.954090177809121e-06,
  " they": 2.9154975891287904e-06,
  " the": 2.7335383947502123e-06,
  "---": 2.63238325715065e-06,
  " f": 2.4913967990869423e-06,
  " a": 2.48188985096931e-06,
  "  ": 2.3231318664329592e-06,
  " their": 2.3053962650010362e-06,
  "[": 2.2216750039660838e-06,
  "The": 2.209011427112273e-06,
  " (\"": 2.166834974559606e-06,
  "'": 2.0280058379285038e-06,
  " {": 1.9679309843922965e-06,
  " no": 1.8379099628873519e-06,
  "^{": 1.7454067346989177e-06,
  " '": 1.669250423219637e-06
}
pre_accept_filter: 40 -> 16
accept_tok hit: '\n' | continuing...
{
  "The": 0.26825129985809326,
  "A": 0.1253969669342041,
  "With": 0.1004721075296402,
  "But": 0.08827071636915207,
  "In": 0.03855632618069649,
  "His": 0.026029245927929878,
  "\"": 0.02437696047127247,
  "This": 0.019297469407320023,
  "Th": 0.018758930265903473,
  "Y": 0.018516913056373596,
  "B": 0.016197936609387398,
  "To": 0.015493931248784065,
  "He": 0.0149384131655097,
  "They": 0.01427905447781086,
  "Ag": 0.014155658893287182,
  "Two": 0.013331342488527298,
  "Before": 0.010832631960511208,
  "An": 0.01081004086881876,
  "F": 0.007611495442688465,
  "No": 0.007527311332523823,
  "Each": 0.006615688093006611,
  "'": 0.004328916314989328,
  "As": 0.004312606994062662,
  "What": 0.004242993425577879,
  "And": 0.004043028224259615,
  "T": 0.003896442474797368,
  "U": 0.0038348850794136524,
  "How": 0.003779544960707426,
  "These": 0.0036211898550391197,
  "Where": 0.003603943157941103,
  "From": 0.0035954706836491823,
  "Then": 0.0035842275246977806,
  "So": 0.0033370433375239372,
  "E": 0.0026678326539695263,
  "While": 0.0024698704946786165,
  "En": 0.002461874857544899,
  "R": 0.0020247776992619038,
  "Like": 0.001891574589535594,
  "\u201c": 0.0018771584145724773,
  "That": 0.0018698688363656402
}
pre_accept_filter: 40 -> 37
post_accept_filter: 37 -> 37
enc_int: 3 | token: 'But'
final: Below is an iambic penatameter poem. Complete it:
The king with regal demeanor strode,
To face in fierce encounter this foe,
Where lies the heart and might and bold,
He challenged ere the first star threw low,

His foe a savage warrior wailed,
And brandished arms that held no shield,
But
decoded_ints: [1, 0, 9, 4, 10, 15, 15, 15, 8, 3, 11, 15, 0, 2, 4, 13, 14, 8, 12, 10, 13, 12, 5, 15, 7, 3, 1, 5, 1, 5, 6, 15, 2, 12, 8, 2, 5, 14, 9, 3]
decode_bits: 0001000010010100101011111111111110000011101111110000001001001101111010001100101011011100010111110111001100010101000101010110111100101100100000100101111010010011
decoded_msg: b'\x10\x94\xaf\xff\x83\xbf\x02M\xe8\xca\xdc_s\x15\x15o,\x82^\x93'

### repr: encoded_prompt:
Below is an iambic penatameter poem. Complete it:\nThe king with regal demeanor strode,\nTo face in fierce encounter this foe,\nWhere lies the heart and might and bold,\nHe challenged ere the first star threw low,\n\nHis foe a savage warrior wailed,\nAnd brandished arms that held no shield,\nBut

### encoded_prompt:
Below is an iambic penatameter poem. Complete it:
The king with regal demeanor strode,
To face in fierce encounter this foe,
Where lies the heart and might and bold,
He challenged ere the first star threw low,

His foe a savage warrior wailed,
And brandished arms that held no shield,
But
decoded_msg: b'\x10\x94\xaf\xff\x83\xbf\x02M\xe8\xca\xdc_s\x15\x15o,\x82^\x93'

done. it worked!
